
  .   ____          _            __ _ _
 /\\ / ___'_ __ _ _(_)_ __  __ _ \ \ \ \
( ( )\___ | '_ | '_| | '_ \/ _` | \ \ \ \
 \\/  ___)| |_)| | | | | || (_| |  ) ) ) )
  '  |____| .__|_| |_|_| |_\__, | / / / /
 =========|_|==============|___/=/_/_/_/
 :: Spring Boot ::        (v2.2.6.RELEASE)

2026-05-21 17:50:15.036+0530  INFO --- [      main] o.e.d.BillingServiceApplication          --  : Starting BillingServiceApplication v1.3.5-SNAPSHOT on LAPTOP-Q2EQEE4F with PID 420 (C:\Users\Aditya\Downloads\DIGIT-OSS-master\municipal-services-go\billing-service\target\billing-service-1.3.5-SNAPSHOT.jar started by Aditya in C:\Users\Aditya\Downloads\DIGIT-OSS-master\municipal-services-go\local-deploy) 
2026-05-21 17:50:15.060+0530 DEBUG --- [      main] o.e.d.BillingServiceApplication          --  : Running with Spring Boot v2.2.6.RELEASE, Spring v5.2.5.RELEASE 
2026-05-21 17:50:15.061+0530  INFO --- [      main] o.e.d.BillingServiceApplication          --  : No active profile set, falling back to default profiles: default 
2026-05-21 17:50:27.009+0530  INFO --- [      main] o.s.b.w.e.t.TomcatWebServer              --  : Tomcat initialized with port(s): 8202 (http) 
2026-05-21 17:50:27.042+0530  INFO --- [      main] o.a.c.core.StandardService               --  : Starting service [Tomcat] 
2026-05-21 17:50:27.043+0530  INFO --- [      main] o.a.c.core.StandardEngine                --  : Starting Servlet engine: [Apache Tomcat/9.0.33] 
2026-05-21 17:50:27.223+0530  INFO --- [      main] o.a.c.c.C.[.[.[/billing-service]         --  : Initializing Spring embedded WebApplicationContext 
2026-05-21 17:50:27.224+0530  INFO --- [      main] o.s.web.context.ContextLoader            --  : Root WebApplicationContext: initialization completed in 11889 ms 
2026-05-21 17:50:27.308+0530  INFO --- [      main] o.c.s.w.s.ServerTracingAutoConfiguration --  : Creating FilterRegistrationBean bean with TracingFilter mapped to [/*], skip pattern is "/api-docs.*|/autoconfig|/configprops|/dump|/health|/info|/metrics.*|/mappings|/swagger.*|.*.png|.*.css|.*.js|.*.html|/favicon.ico|/hystrix.stream|/prometheus|/manage/*" 
2026-05-21 17:50:30.093+0530  INFO --- [      main] o.c.s.w.s.ServerTracingAutoConfiguration --  : Creating WebMvcConfigurerAdapter bean with class io.opentracing.contrib.spring.web.interceptor.TracingHandlerInterceptor 
2026-05-21 17:50:30.209+0530  INFO --- [      main] o.s.s.c.ThreadPoolTaskExecutor           --  : Initializing ExecutorService 'applicationTaskExecutor' 
2026-05-21 17:50:31.590+0530  INFO --- [      main] o.s.b.a.e.w.EndpointLinksResolver        --  : Exposing 2 endpoint(s) beneath base path '/actuator' 
2026-05-21 17:50:32.056+0530  INFO --- [      main] o.a.k.c.c.ConsumerConfig                 --  : ConsumerConfig values: 
	allow.auto.create.topics = true
	auto.commit.interval.ms = 5000
	auto.offset.reset = latest
	bootstrap.servers = [localhost:9092]
	check.crcs = true
	client.dns.lookup = default
	client.id = 
	client.rack = 
	connections.max.idle.ms = 540000
	default.api.timeout.ms = 60000
	enable.auto.commit = false
	exclude.internal.topics = true
	fetch.max.bytes = 52428800
	fetch.max.wait.ms = 500
	fetch.min.bytes = 1
	group.id = bs-persist
	group.instance.id = null
	heartbeat.interval.ms = 3000
	interceptor.classes = [org.egov.tracer.kafka.KafkaTemplateLoggingInterceptors]
	internal.leave.group.on.close = true
	isolation.level = read_uncommitted
	key.deserializer = class org.apache.kafka.common.serialization.StringDeserializer
	max.partition.fetch.bytes = 1048576
	max.poll.interval.ms = 300000
	max.poll.records = 500
	metadata.max.age.ms = 300000
	metric.reporters = []
	metrics.num.samples = 2
	metrics.recording.level = INFO
	metrics.sample.window.ms = 30000
	partition.assignment.strategy = [class org.apache.kafka.clients.consumer.RangeAssignor]
	receive.buffer.bytes = 65536
	reconnect.backoff.max.ms = 1000
	reconnect.backoff.ms = 50
	request.timeout.ms = 30000
	retry.backoff.ms = 100
	sasl.client.callback.handler.class = null
	sasl.jaas.config = null
	sasl.kerberos.kinit.cmd = /usr/bin/kinit
	sasl.kerberos.min.time.before.relogin = 60000
	sasl.kerberos.service.name = null
	sasl.kerberos.ticket.renew.jitter = 0.05
	sasl.kerberos.ticket.renew.window.factor = 0.8
	sasl.login.callback.handler.class = null
	sasl.login.class = null
	sasl.login.refresh.buffer.seconds = 300
	sasl.login.refresh.min.period.seconds = 60
	sasl.login.refresh.window.factor = 0.8
	sasl.login.refresh.window.jitter = 0.05
	sasl.mechanism = GSSAPI
	security.protocol = PLAINTEXT
	send.buffer.bytes = 131072
	session.timeout.ms = 10000
	ssl.cipher.suites = null
	ssl.enabled.protocols = [TLSv1.2, TLSv1.1, TLSv1]
	ssl.endpoint.identification.algorithm = https
	ssl.key.password = null
	ssl.keymanager.algorithm = SunX509
	ssl.keystore.location = null
	ssl.keystore.password = null
	ssl.keystore.type = JKS
	ssl.protocol = TLS
	ssl.provider = null
	ssl.secure.random.implementation = null
	ssl.trustmanager.algorithm = PKIX
	ssl.truststore.location = null
	ssl.truststore.password = null
	ssl.truststore.type = JKS
	value.deserializer = class org.egov.tracer.kafka.deserializer.HashMapDeserializer
 
2026-05-21 17:50:32.633+0530  INFO --- [      main] o.a.k.c.utils.AppInfoParser              --  : Kafka version: 2.3.1 
2026-05-21 17:50:32.651+0530  INFO --- [      main] o.a.k.c.utils.AppInfoParser              --  : Kafka commitId: 18a913733fb71c01 
2026-05-21 17:50:32.700+0530  INFO --- [      main] o.a.k.c.utils.AppInfoParser              --  : Kafka startTimeMs: 1779366032627 
2026-05-21 17:50:32.706+0530  INFO --- [      main] o.a.k.c.consumer.KafkaConsumer           --  : [Consumer clientId=consumer-1, groupId=bs-persist] Subscribed to topic(s): egov-save-collected-receipt, save-bill-db, save-demand, update-demand, egov.collection.receipt-create, egov.collection.receipt-cancel, egov.collection.payment-create, egov.collection.payment-cancel 
2026-05-21 17:50:32.709+0530  INFO --- [      main] o.s.s.c.ThreadPoolTaskScheduler          --  : Initializing ExecutorService 
2026-05-21 17:50:32.762+0530  INFO --- [      main] o.a.k.c.c.ConsumerConfig                 --  : ConsumerConfig values: 
	allow.auto.create.topics = true
	auto.commit.interval.ms = 5000
	auto.offset.reset = latest
	bootstrap.servers = [localhost:9092]
	check.crcs = true
	client.dns.lookup = default
	client.id = 
	client.rack = 
	connections.max.idle.ms = 540000
	default.api.timeout.ms = 60000
	enable.auto.commit = false
	exclude.internal.topics = true
	fetch.max.bytes = 52428800
	fetch.max.wait.ms = 500
	fetch.min.bytes = 1
	group.id = bs-persist
	group.instance.id = null
	heartbeat.interval.ms = 3000
	interceptor.classes = [org.egov.tracer.kafka.KafkaTemplateLoggingInterceptors]
	internal.leave.group.on.close = true
	isolation.level = read_uncommitted
	key.deserializer = class org.apache.kafka.common.serialization.StringDeserializer
	max.partition.fetch.bytes = 1048576
	max.poll.interval.ms = 300000
	max.poll.records = 500
	metadata.max.age.ms = 300000
	metric.reporters = []
	metrics.num.samples = 2
	metrics.recording.level = INFO
	metrics.sample.window.ms = 30000
	partition.assignment.strategy = [class org.apache.kafka.clients.consumer.RangeAssignor]
	receive.buffer.bytes = 65536
	reconnect.backoff.max.ms = 1000
	reconnect.backoff.ms = 50
	request.timeout.ms = 30000
	retry.backoff.ms = 100
	sasl.client.callback.handler.class = null
	sasl.jaas.config = null
	sasl.kerberos.kinit.cmd = /usr/bin/kinit
	sasl.kerberos.min.time.before.relogin = 60000
	sasl.kerberos.service.name = null
	sasl.kerberos.ticket.renew.jitter = 0.05
	sasl.kerberos.ticket.renew.window.factor = 0.8
	sasl.login.callback.handler.class = null
	sasl.login.class = null
	sasl.login.refresh.buffer.seconds = 300
	sasl.login.refresh.min.period.seconds = 60
	sasl.login.refresh.window.factor = 0.8
	sasl.login.refresh.window.jitter = 0.05
	sasl.mechanism = GSSAPI
	security.protocol = PLAINTEXT
	send.buffer.bytes = 131072
	session.timeout.ms = 10000
	ssl.cipher.suites = null
	ssl.enabled.protocols = [TLSv1.2, TLSv1.1, TLSv1]
	ssl.endpoint.identification.algorithm = https
	ssl.key.password = null
	ssl.keymanager.algorithm = SunX509
	ssl.keystore.location = null
	ssl.keystore.password = null
	ssl.keystore.type = JKS
	ssl.protocol = TLS
	ssl.provider = null
	ssl.secure.random.implementation = null
	ssl.trustmanager.algorithm = PKIX
	ssl.truststore.location = null
	ssl.truststore.password = null
	ssl.truststore.type = JKS
	value.deserializer = class org.egov.tracer.kafka.deserializer.HashMapDeserializer
 
2026-05-21 17:50:32.809+0530  INFO --- [      main] o.a.k.c.utils.AppInfoParser              --  : Kafka version: 2.3.1 
2026-05-21 17:50:32.810+0530  INFO --- [      main] o.a.k.c.utils.AppInfoParser              --  : Kafka commitId: 18a913733fb71c01 
2026-05-21 17:50:32.810+0530  INFO --- [      main] o.a.k.c.utils.AppInfoParser              --  : Kafka startTimeMs: 1779366032809 
2026-05-21 17:50:32.810+0530  INFO --- [      main] o.a.k.c.consumer.KafkaConsumer           --  : [Consumer clientId=consumer-2, groupId=bs-persist] Subscribed to topic(s): bulk-bill-generator 
2026-05-21 17:50:32.810+0530  INFO --- [      main] o.s.s.c.ThreadPoolTaskScheduler          --  : Initializing ExecutorService 
2026-05-21 17:50:32.833+0530  INFO --- [      main] o.a.k.c.c.ConsumerConfig                 --  : ConsumerConfig values: 
	allow.auto.create.topics = true
	auto.commit.interval.ms = 5000
	auto.offset.reset = latest
	bootstrap.servers = [localhost:9092]
	check.crcs = true
	client.dns.lookup = default
	client.id = 
	client.rack = 
	connections.max.idle.ms = 540000
	default.api.timeout.ms = 60000
	enable.auto.commit = false
	exclude.internal.topics = true
	fetch.max.bytes = 52428800
	fetch.max.wait.ms = 500
	fetch.min.bytes = 1
	group.id = bs-persist
	group.instance.id = null
	heartbeat.interval.ms = 3000
	interceptor.classes = [org.egov.tracer.kafka.KafkaTemplateLoggingInterceptors]
	internal.leave.group.on.close = true
	isolation.level = read_uncommitted
	key.deserializer = class org.apache.kafka.common.serialization.StringDeserializer
	max.partition.fetch.bytes = 1048576
	max.poll.interval.ms = 300000
	max.poll.records = 500
	metadata.max.age.ms = 300000
	metric.reporters = []
	metrics.num.samples = 2
	metrics.recording.level = INFO
	metrics.sample.window.ms = 30000
	partition.assignment.strategy = [class org.apache.kafka.clients.consumer.RangeAssignor]
	receive.buffer.bytes = 65536
	reconnect.backoff.max.ms = 1000
	reconnect.backoff.ms = 50
	request.timeout.ms = 30000
	retry.backoff.ms = 100
	sasl.client.callback.handler.class = null
	sasl.jaas.config = null
	sasl.kerberos.kinit.cmd = /usr/bin/kinit
	sasl.kerberos.min.time.before.relogin = 60000
	sasl.kerberos.service.name = null
	sasl.kerberos.ticket.renew.jitter = 0.05
	sasl.kerberos.ticket.renew.window.factor = 0.8
	sasl.login.callback.handler.class = null
	sasl.login.class = null
	sasl.login.refresh.buffer.seconds = 300
	sasl.login.refresh.min.period.seconds = 60
	sasl.login.refresh.window.factor = 0.8
	sasl.login.refresh.window.jitter = 0.05
	sasl.mechanism = GSSAPI
	security.protocol = PLAINTEXT
	send.buffer.bytes = 131072
	session.timeout.ms = 10000
	ssl.cipher.suites = null
	ssl.enabled.protocols = [TLSv1.2, TLSv1.1, TLSv1]
	ssl.endpoint.identification.algorithm = https
	ssl.key.password = null
	ssl.keymanager.algorithm = SunX509
	ssl.keystore.location = null
	ssl.keystore.password = null
	ssl.keystore.type = JKS
	ssl.protocol = TLS
	ssl.provider = null
	ssl.secure.random.implementation = null
	ssl.trustmanager.algorithm = PKIX
	ssl.truststore.location = null
	ssl.truststore.password = null
	ssl.truststore.type = JKS
	value.deserializer = class org.egov.tracer.kafka.deserializer.HashMapDeserializer
 
2026-05-21 17:50:32.852+0530  INFO --- [      main] o.a.k.c.utils.AppInfoParser              --  : Kafka version: 2.3.1 
2026-05-21 17:50:32.852+0530  INFO --- [      main] o.a.k.c.utils.AppInfoParser              --  : Kafka commitId: 18a913733fb71c01 
2026-05-21 17:50:32.853+0530  INFO --- [      main] o.a.k.c.utils.AppInfoParser              --  : Kafka startTimeMs: 1779366032852 
2026-05-21 17:50:32.853+0530  INFO --- [      main] o.a.k.c.consumer.KafkaConsumer           --  : [Consumer clientId=consumer-3, groupId=bs-persist] Subscribed to topic(s): billing-billgen-topic-name, bill-cancel-topic-name 
2026-05-21 17:50:32.853+0530  INFO --- [      main] o.s.s.c.ThreadPoolTaskScheduler          --  : Initializing ExecutorService 
2026-05-21 17:50:32.937+0530  INFO --- [      main] o.s.b.w.e.t.TomcatWebServer              --  : Tomcat started on port(s): 8202 (http) with context path '/billing-service' 
2026-05-21 17:50:32.951+0530  INFO --- [      main] o.e.d.BillingServiceApplication          --  : Started BillingServiceApplication in 22.306 seconds (JVM running for 25.769) 
2026-05-21 17:50:33.495+0530  INFO --- [er#1-0-C-1] o.a.kafka.clients.Metadata               --  : [Consumer clientId=consumer-3, groupId=bs-persist] Cluster ID: Some(MkU3OEVBNTcwNTJENDM2Qk) 
2026-05-21 17:50:33.502+0530  INFO --- [er#0-0-C-1] o.a.kafka.clients.Metadata               --  : [Consumer clientId=consumer-2, groupId=bs-persist] Cluster ID: Some(MkU3OEVBNTcwNTJENDM2Qk) 
2026-05-21 17:50:33.502+0530  INFO --- [er#2-0-C-1] o.a.kafka.clients.Metadata               --  : [Consumer clientId=consumer-1, groupId=bs-persist] Cluster ID: Some(MkU3OEVBNTcwNTJENDM2Qk) 
2026-05-21 17:50:33.504+0530  INFO --- [er#0-0-C-1] o.a.k.c.c.i.AbstractCoordinator          --  : [Consumer clientId=consumer-2, groupId=bs-persist] Discovered group coordinator localhost:9092 (id: 2147483646 rack: null) 
2026-05-21 17:50:33.504+0530  INFO --- [er#1-0-C-1] o.a.k.c.c.i.AbstractCoordinator          --  : [Consumer clientId=consumer-3, groupId=bs-persist] Discovered group coordinator localhost:9092 (id: 2147483646 rack: null) 
2026-05-21 17:50:33.504+0530  INFO --- [er#2-0-C-1] o.a.k.c.c.i.AbstractCoordinator          --  : [Consumer clientId=consumer-1, groupId=bs-persist] Discovered group coordinator localhost:9092 (id: 2147483646 rack: null) 
2026-05-21 17:50:33.510+0530  INFO --- [er#2-0-C-1] o.a.k.c.c.i.ConsumerCoordinator          --  : [Consumer clientId=consumer-1, groupId=bs-persist] Revoking previously assigned partitions [] 
2026-05-21 17:50:33.510+0530  INFO --- [er#1-0-C-1] o.a.k.c.c.i.ConsumerCoordinator          --  : [Consumer clientId=consumer-3, groupId=bs-persist] Revoking previously assigned partitions [] 
2026-05-21 17:50:33.510+0530  INFO --- [er#0-0-C-1] o.a.k.c.c.i.ConsumerCoordinator          --  : [Consumer clientId=consumer-2, groupId=bs-persist] Revoking previously assigned partitions [] 
2026-05-21 17:50:33.511+0530  INFO --- [er#2-0-C-1] o.s.k.l.KafkaMessageListenerContainer    --  : bs-persist: partitions revoked: [] 
2026-05-21 17:50:33.511+0530  INFO --- [er#0-0-C-1] o.s.k.l.KafkaMessageListenerContainer    --  : bs-persist: partitions revoked: [] 
2026-05-21 17:50:33.511+0530  INFO --- [er#1-0-C-1] o.s.k.l.KafkaMessageListenerContainer    --  : bs-persist: partitions revoked: [] 
2026-05-21 17:50:33.511+0530  INFO --- [er#2-0-C-1] o.a.k.c.c.i.AbstractCoordinator          --  : [Consumer clientId=consumer-1, groupId=bs-persist] (Re-)joining group 
2026-05-21 17:50:33.511+0530  INFO --- [er#0-0-C-1] o.a.k.c.c.i.AbstractCoordinator          --  : [Consumer clientId=consumer-2, groupId=bs-persist] (Re-)joining group 
2026-05-21 17:50:33.511+0530  INFO --- [er#1-0-C-1] o.a.k.c.c.i.AbstractCoordinator          --  : [Consumer clientId=consumer-3, groupId=bs-persist] (Re-)joining group 
2026-05-21 17:50:33.617+0530  INFO --- [er#2-0-C-1] o.a.k.c.c.i.AbstractCoordinator          --  : [Consumer clientId=consumer-1, groupId=bs-persist] (Re-)joining group 
2026-05-21 17:50:33.627+0530  INFO --- [er#1-0-C-1] o.a.k.c.c.i.AbstractCoordinator          --  : [Consumer clientId=consumer-3, groupId=bs-persist] (Re-)joining group 
2026-05-21 17:50:33.628+0530  INFO --- [er#0-0-C-1] o.a.k.c.c.i.AbstractCoordinator          --  : [Consumer clientId=consumer-2, groupId=bs-persist] (Re-)joining group 
2026-05-21 17:50:36.606+0530  INFO --- [er#0-0-C-1] o.a.k.c.c.i.AbstractCoordinator          --  : [Consumer clientId=consumer-2, groupId=bs-persist] Successfully joined group with generation 43 
2026-05-21 17:50:36.606+0530  INFO --- [er#2-0-C-1] o.a.k.c.c.i.AbstractCoordinator          --  : [Consumer clientId=consumer-1, groupId=bs-persist] Successfully joined group with generation 43 
2026-05-21 17:50:36.606+0530  INFO --- [er#1-0-C-1] o.a.k.c.c.i.AbstractCoordinator          --  : [Consumer clientId=consumer-3, groupId=bs-persist] Successfully joined group with generation 43 
2026-05-21 17:50:36.616+0530  INFO --- [er#2-0-C-1] o.a.k.c.c.i.ConsumerCoordinator          --  : [Consumer clientId=consumer-1, groupId=bs-persist] Setting newly assigned partitions: egov.collection.receipt-cancel-0, save-bill-db-0, egov.collection.payment-cancel-0, egov.collection.payment-create-0, egov-save-collected-receipt-0, egov.collection.receipt-create-0, update-demand-0, save-demand-0 
2026-05-21 17:50:36.616+0530  INFO --- [er#1-0-C-1] o.a.k.c.c.i.ConsumerCoordinator          --  : [Consumer clientId=consumer-3, groupId=bs-persist] Setting newly assigned partitions: bill-cancel-topic-name-0, billing-billgen-topic-name-0 
2026-05-21 17:50:36.616+0530  INFO --- [er#0-0-C-1] o.a.k.c.c.i.ConsumerCoordinator          --  : [Consumer clientId=consumer-2, groupId=bs-persist] Setting newly assigned partitions: bulk-bill-generator-0 
2026-05-21 17:50:36.645+0530  INFO --- [er#2-0-C-1] o.a.k.c.c.i.ConsumerCoordinator          --  : [Consumer clientId=consumer-1, groupId=bs-persist] Setting offset for partition egov.collection.receipt-cancel-0 to the committed offset FetchPosition{offset=0, offsetEpoch=Optional.empty, currentLeader=LeaderAndEpoch{leader=localhost:9092 (id: 1 rack: null), epoch=20}} 
2026-05-21 17:50:36.645+0530  INFO --- [er#0-0-C-1] o.a.k.c.c.i.ConsumerCoordinator          --  : [Consumer clientId=consumer-2, groupId=bs-persist] Setting offset for partition bulk-bill-generator-0 to the committed offset FetchPosition{offset=0, offsetEpoch=Optional.empty, currentLeader=LeaderAndEpoch{leader=localhost:9092 (id: 1 rack: null), epoch=20}} 
2026-05-21 17:50:36.645+0530  INFO --- [er#1-0-C-1] o.a.k.c.c.i.ConsumerCoordinator          --  : [Consumer clientId=consumer-3, groupId=bs-persist] Setting offset for partition bill-cancel-topic-name-0 to the committed offset FetchPosition{offset=0, offsetEpoch=Optional.empty, currentLeader=LeaderAndEpoch{leader=localhost:9092 (id: 1 rack: null), epoch=20}} 
2026-05-21 17:50:36.648+0530  INFO --- [er#1-0-C-1] o.a.k.c.c.i.ConsumerCoordinator          --  : [Consumer clientId=consumer-3, groupId=bs-persist] Setting offset for partition billing-billgen-topic-name-0 to the committed offset FetchPosition{offset=0, offsetEpoch=Optional.empty, currentLeader=LeaderAndEpoch{leader=localhost:9092 (id: 1 rack: null), epoch=20}} 
2026-05-21 17:50:36.653+0530  INFO --- [er#2-0-C-1] o.a.k.c.c.i.ConsumerCoordinator          --  : [Consumer clientId=consumer-1, groupId=bs-persist] Setting offset for partition save-bill-db-0 to the committed offset FetchPosition{offset=0, offsetEpoch=Optional.empty, currentLeader=LeaderAndEpoch{leader=localhost:9092 (id: 1 rack: null), epoch=20}} 
2026-05-21 17:50:36.653+0530  INFO --- [er#2-0-C-1] o.a.k.c.c.i.ConsumerCoordinator          --  : [Consumer clientId=consumer-1, groupId=bs-persist] Setting offset for partition egov.collection.payment-cancel-0 to the committed offset FetchPosition{offset=0, offsetEpoch=Optional.empty, currentLeader=LeaderAndEpoch{leader=localhost:9092 (id: 1 rack: null), epoch=20}} 
2026-05-21 17:50:36.653+0530  INFO --- [er#2-0-C-1] o.a.k.c.c.i.ConsumerCoordinator          --  : [Consumer clientId=consumer-1, groupId=bs-persist] Setting offset for partition egov.collection.payment-create-0 to the committed offset FetchPosition{offset=0, offsetEpoch=Optional.empty, currentLeader=LeaderAndEpoch{leader=localhost:9092 (id: 1 rack: null), epoch=22}} 
2026-05-21 17:50:36.653+0530  INFO --- [er#2-0-C-1] o.a.k.c.c.i.ConsumerCoordinator          --  : [Consumer clientId=consumer-1, groupId=bs-persist] Setting offset for partition egov-save-collected-receipt-0 to the committed offset FetchPosition{offset=0, offsetEpoch=Optional.empty, currentLeader=LeaderAndEpoch{leader=localhost:9092 (id: 1 rack: null), epoch=20}} 
2026-05-21 17:50:36.654+0530  INFO --- [er#2-0-C-1] o.a.k.c.c.i.ConsumerCoordinator          --  : [Consumer clientId=consumer-1, groupId=bs-persist] Setting offset for partition egov.collection.receipt-create-0 to the committed offset FetchPosition{offset=0, offsetEpoch=Optional.empty, currentLeader=LeaderAndEpoch{leader=localhost:9092 (id: 1 rack: null), epoch=20}} 
2026-05-21 17:50:36.655+0530  INFO --- [er#2-0-C-1] o.a.k.c.c.i.ConsumerCoordinator          --  : [Consumer clientId=consumer-1, groupId=bs-persist] Setting offset for partition update-demand-0 to the committed offset FetchPosition{offset=0, offsetEpoch=Optional.empty, currentLeader=LeaderAndEpoch{leader=localhost:9092 (id: 1 rack: null), epoch=20}} 
2026-05-21 17:50:36.656+0530  INFO --- [er#2-0-C-1] o.a.k.c.c.i.ConsumerCoordinator          --  : [Consumer clientId=consumer-1, groupId=bs-persist] Setting offset for partition save-demand-0 to the committed offset FetchPosition{offset=0, offsetEpoch=Optional.empty, currentLeader=LeaderAndEpoch{leader=localhost:9092 (id: 1 rack: null), epoch=20}} 
2026-05-21 17:50:36.661+0530  INFO --- [er#1-0-C-1] o.s.k.l.KafkaMessageListenerContainer    --  : bs-persist: partitions assigned: [bill-cancel-topic-name-0, billing-billgen-topic-name-0] 
2026-05-21 17:50:36.677+0530  INFO --- [er#2-0-C-1] o.s.k.l.KafkaMessageListenerContainer    --  : bs-persist: partitions assigned: [egov.collection.receipt-cancel-0, save-bill-db-0, egov.collection.payment-cancel-0, egov.collection.payment-create-0, egov-save-collected-receipt-0, egov.collection.receipt-create-0, update-demand-0, save-demand-0] 
2026-05-21 17:50:36.700+0530  INFO --- [er#0-0-C-1] o.s.k.l.KafkaMessageListenerContainer    --  : bs-persist: partitions assigned: [bulk-bill-generator-0] 
2026-05-21 17:51:09.159+0530  INFO --- [202-exec-3] o.a.c.c.C.[.[.[/billing-service]         --  : Initializing Spring DispatcherServlet 'dispatcherServlet' 
2026-05-21 17:51:09.159+0530  INFO --- [202-exec-3] o.s.w.s.DispatcherServlet                --  : Initializing Servlet 'dispatcherServlet' 
2026-05-21 17:51:09.172+0530  INFO --- [202-exec-3] o.s.w.s.DispatcherServlet                --  : Completed initialization in 13 ms 
