
  .   ____          _            __ _ _
 /\\ / ___'_ __ _ _(_)_ __  __ _ \ \ \ \
( ( )\___ | '_ | '_| | '_ \/ _` | \ \ \ \
 \\/  ___)| |_)| | | | | || (_| |  ) ) ) )
  '  |____| .__|_| |_|_| |_\__, | / / / /
 =========|_|==============|___/=/_/_/_/
 :: Spring Boot ::       (v2.2.13.RELEASE)

2026-05-21 17:49:59.526+0530  INFO --- [      main] org.egov.wf.Main                         --  : Starting Main v1.2.2-SNAPSHOT on LAPTOP-Q2EQEE4F with PID 31320 (C:\Users\Aditya\Downloads\DIGIT-OSS-master\municipal-services-go\egov-workflow-v2\target\egov-workflow-v2-1.2.2-SNAPSHOT.jar started by Aditya in C:\Users\Aditya\Downloads\DIGIT-OSS-master\municipal-services-go\local-deploy) 
2026-05-21 17:49:59.617+0530  INFO --- [      main] org.egov.wf.Main                         --  : No active profile set, falling back to default profiles: default 
2026-05-21 17:50:20.336+0530  INFO --- [      main] o.s.b.w.e.t.TomcatWebServer              --  : Tomcat initialized with port(s): 8290 (http) 
2026-05-21 17:50:20.374+0530  INFO --- [      main] o.a.c.core.StandardService               --  : Starting service [Tomcat] 
2026-05-21 17:50:20.374+0530  INFO --- [      main] o.a.c.core.StandardEngine                --  : Starting Servlet engine: [Apache Tomcat/9.0.41] 
2026-05-21 17:50:21.069+0530  INFO --- [      main] o.a.c.c.C.[.[.[/egov-workflow-v2]        --  : Initializing Spring embedded WebApplicationContext 
2026-05-21 17:50:21.074+0530  INFO --- [      main] w.s.c.ServletWebServerApplicationContext --  : Root WebApplicationContext: initialization completed in 20504 ms 
2026-05-21 17:50:21.385+0530  INFO --- [      main] o.c.s.w.s.ServerTracingAutoConfiguration --  : Creating FilterRegistrationBean bean with TracingFilter mapped to [/*], skip pattern is "/api-docs.*|/autoconfig|/configprops|/dump|/health|/info|/metrics.*|/mappings|/swagger.*|.*.png|.*.css|.*.js|.*.html|/favicon.ico|/hystrix.stream|/prometheus|/manage/*" 
2026-05-21 17:50:25.649+0530  INFO --- [      main] o.c.c.Cache2kCoreProviderImpl            --  : cache2k starting. version=1.2.0.Final 
2026-05-21 17:50:26.979+0530  INFO --- [      main] o.e.t.h.RestTemplateLoggingInterceptor   --  : Sending request to http://localhost:8094/egov-mdms-service/v1/_search with verb POST 
2026-05-21 17:50:27.054+0530  INFO --- [      main] o.e.t.h.RestTemplateLoggingInterceptor   --  : Received response from http://localhost:8094/egov-mdms-service/v1/_search 
2026-05-21 17:50:27.965+0530  INFO --- [      main] o.c.s.w.s.ServerTracingAutoConfiguration --  : Creating WebMvcConfigurerAdapter bean with class io.opentracing.contrib.spring.web.interceptor.TracingHandlerInterceptor 
2026-05-21 17:50:29.619+0530  INFO --- [      main] o.s.s.c.ThreadPoolTaskExecutor           --  : Initializing ExecutorService 'applicationTaskExecutor' 
2026-05-21 17:50:35.423+0530  INFO --- [      main] o.s.b.a.e.w.EndpointLinksResolver        --  : Exposing 2 endpoint(s) beneath base path '' 
2026-05-21 17:50:35.644+0530  INFO --- [      main] o.s.b.w.e.t.TomcatWebServer              --  : Tomcat started on port(s): 8290 (http) with context path '/egov-workflow-v2' 
2026-05-21 17:50:35.650+0530  INFO --- [      main] org.egov.wf.Main                         --  : Started Main in 41.151 seconds (JVM running for 46.112) 
2026-05-21 17:51:14.316+0530  INFO --- [290-exec-1] o.a.c.c.C.[.[.[/egov-workflow-v2]        --  : Initializing Spring DispatcherServlet 'dispatcherServlet' 
2026-05-21 17:51:14.316+0530  INFO --- [290-exec-1] o.s.w.s.DispatcherServlet                --  : Initializing Servlet 'dispatcherServlet' 
2026-05-21 17:51:14.336+0530  INFO --- [290-exec-1] o.s.w.s.DispatcherServlet                --  : Completed initialization in 20 ms 
2026-05-21 17:51:14.433+0530  INFO --- [290-exec-1] c.z.hikari.HikariDataSource              --  : HikariPool-1 - Starting... 
2026-05-21 17:51:14.684+0530  INFO --- [290-exec-1] c.z.hikari.HikariDataSource              --  : HikariPool-1 - Start completed. 
2026-05-21 17:54:42.579+0530  INFO --- [290-exec-4] o.e.t.h.filters.TracerFilter             -- CORRELATION_ID=cc2596fb-b2d5-4d5a-9001-00f0c62e107a : Received request URI: http://localhost:8290//egov-workflow-v2/egov-wf/process/_transition  
2026-05-21 17:54:43.299+0530 ERROR --- [290-exec-4] o.egov.tracer.ExceptionAdvise            -- CORRELATION_ID=cc2596fb-b2d5-4d5a-9001-00f0c62e107a : Exception caught in tracer  

org.egov.tracer.model.CustomException: No bussinessService object found for businessSerice: NewWS1 and tenantId: pb.amritsar
	at org.egov.wf.service.TransitionService.getBusinessService(TransitionService.java:166)
	at org.egov.wf.service.TransitionService.getProcessStateAndActions(TransitionService.java:51)
	at org.egov.wf.service.WorkflowService.transition(WorkflowService.java:72)
	at org.egov.wf.web.controllers.WorkflowController.processTransition(WorkflowController.java:56)
	at sun.reflect.NativeMethodAccessorImpl.invoke0(Native Method)
	at sun.reflect.NativeMethodAccessorImpl.invoke(NativeMethodAccessorImpl.java:62)
	at sun.reflect.DelegatingMethodAccessorImpl.invoke(DelegatingMethodAccessorImpl.java:43)
	at java.lang.reflect.Method.invoke(Method.java:498)
	at org.springframework.web.method.support.InvocableHandlerMethod.doInvoke(InvocableHandlerMethod.java:190)
	at org.springframework.web.method.support.InvocableHandlerMethod.invokeForRequest(InvocableHandlerMethod.java:138)
	at org.springframework.web.servlet.mvc.method.annotation.ServletInvocableHandlerMethod.invokeAndHandle(ServletInvocableHandlerMethod.java:105)
	at org.springframework.web.servlet.mvc.method.annotation.RequestMappingHandlerAdapter.invokeHandlerMethod(RequestMappingHandlerAdapter.java:878)
	at org.springframework.web.servlet.mvc.method.annotation.RequestMappingHandlerAdapter.handleInternal(RequestMappingHandlerAdapter.java:792)
	at org.springframework.web.servlet.mvc.method.AbstractHandlerMethodAdapter.handle(AbstractHandlerMethodAdapter.java:87)
	at org.springframework.web.servlet.DispatcherServlet.doDispatch(DispatcherServlet.java:1040)
	at org.springframework.web.servlet.DispatcherServlet.doService(DispatcherServlet.java:943)
	at org.springframework.web.servlet.FrameworkServlet.processRequest(FrameworkServlet.java:1006)
	at org.springframework.web.servlet.FrameworkServlet.doPost(FrameworkServlet.java:909)
	at javax.servlet.http.HttpServlet.service(HttpServlet.java:652)
	at org.springframework.web.servlet.FrameworkServlet.service(FrameworkServlet.java:883)
	at javax.servlet.http.HttpServlet.service(HttpServlet.java:733)
	at org.apache.catalina.core.ApplicationFilterChain.internalDoFilter(ApplicationFilterChain.java:231)
	at org.apache.catalina.core.ApplicationFilterChain.doFilter(ApplicationFilterChain.java:166)
	at org.apache.tomcat.websocket.server.WsFilter.doFilter(WsFilter.java:53)
	at org.apache.catalina.core.ApplicationFilterChain.internalDoFilter(ApplicationFilterChain.java:193)
	at org.apache.catalina.core.ApplicationFilterChain.doFilter(ApplicationFilterChain.java:166)
	at io.opentracing.contrib.web.servlet.filter.TracingFilter.doFilter(TracingFilter.java:165)
	at org.apache.catalina.core.ApplicationFilterChain.internalDoFilter(ApplicationFilterChain.java:193)
	at org.apache.catalina.core.ApplicationFilterChain.doFilter(ApplicationFilterChain.java:166)
	at org.egov.tracer.http.filters.TracerFilter.doFilter(TracerFilter.java:89)
	at org.apache.catalina.core.ApplicationFilterChain.internalDoFilter(ApplicationFilterChain.java:193)
	at org.apache.catalina.core.ApplicationFilterChain.doFilter(ApplicationFilterChain.java:166)
	at org.springframework.web.filter.RequestContextFilter.doFilterInternal(RequestContextFilter.java:100)
	at org.springframework.web.filter.OncePerRequestFilter.doFilter(OncePerRequestFilter.java:119)
	at org.apache.catalina.core.ApplicationFilterChain.internalDoFilter(ApplicationFilterChain.java:193)
	at org.apache.catalina.core.ApplicationFilterChain.doFilter(ApplicationFilterChain.java:166)
	at org.springframework.web.filter.FormContentFilter.doFilterInternal(FormContentFilter.java:93)
	at org.springframework.web.filter.OncePerRequestFilter.doFilter(OncePerRequestFilter.java:119)
	at org.apache.catalina.core.ApplicationFilterChain.internalDoFilter(ApplicationFilterChain.java:193)
	at org.apache.catalina.core.ApplicationFilterChain.doFilter(ApplicationFilterChain.java:166)
	at org.springframework.boot.actuate.metrics.web.servlet.WebMvcMetricsFilter.doFilterInternal(WebMvcMetricsFilter.java:109)
	at org.springframework.web.filter.OncePerRequestFilter.doFilter(OncePerRequestFilter.java:119)
	at org.apache.catalina.core.ApplicationFilterChain.internalDoFilter(ApplicationFilterChain.java:193)
	at org.apache.catalina.core.ApplicationFilterChain.doFilter(ApplicationFilterChain.java:166)
	at org.springframework.web.filter.CharacterEncodingFilter.doFilterInternal(CharacterEncodingFilter.java:201)
	at org.springframework.web.filter.OncePerRequestFilter.doFilter(OncePerRequestFilter.java:119)
	at org.apache.catalina.core.ApplicationFilterChain.internalDoFilter(ApplicationFilterChain.java:193)
	at org.apache.catalina.core.ApplicationFilterChain.doFilter(ApplicationFilterChain.java:166)
	at org.apache.catalina.core.StandardWrapperValve.invoke(StandardWrapperValve.java:202)
	at org.apache.catalina.core.StandardContextValve.invoke(StandardContextValve.java:97)
	at org.apache.catalina.authenticator.AuthenticatorBase.invoke(AuthenticatorBase.java:542)
	at org.apache.catalina.core.StandardHostValve.invoke(StandardHostValve.java:143)
	at org.apache.catalina.valves.ErrorReportValve.invoke(ErrorReportValve.java:92)
	at org.apache.catalina.core.StandardEngineValve.invoke(StandardEngineValve.java:78)
	at org.apache.catalina.connector.CoyoteAdapter.service(CoyoteAdapter.java:343)
	at org.apache.coyote.http11.Http11Processor.service(Http11Processor.java:374)
	at org.apache.coyote.AbstractProcessorLight.process(AbstractProcessorLight.java:65)
	at org.apache.coyote.AbstractProtocol$ConnectionHandler.process(AbstractProtocol.java:888)
	at org.apache.tomcat.util.net.NioEndpoint$SocketProcessor.doRun(NioEndpoint.java:1597)
	at org.apache.tomcat.util.net.SocketProcessorBase.run(SocketProcessorBase.java:49)
	at java.util.concurrent.ThreadPoolExecutor.runWorker(ThreadPoolExecutor.java:1149)
	at java.util.concurrent.ThreadPoolExecutor$Worker.run(ThreadPoolExecutor.java:624)
	at org.apache.tomcat.util.threads.TaskThread$WrappingRunnable.run(TaskThread.java:61)
	at java.lang.Thread.run(Thread.java:750)

2026-05-21 17:54:43.313+0530  INFO --- [290-exec-4] o.e.t.h.filters.TracerFilter             -- CORRELATION_ID=cc2596fb-b2d5-4d5a-9001-00f0c62e107a : Response code sent: 400 
2026-05-21 17:56:10.410+0530  INFO --- [90-exec-10] o.e.t.h.filters.TracerFilter             -- CORRELATION_ID=ef0aea89-e606-4ccc-b3c2-4c1b55dd8aa2 : Received request URI: http://localhost:8290/egov-workflow-v2/egov-wf/businessservice/_create  
2026-05-21 17:56:10.664+0530  INFO --- [90-exec-10] o.a.k.c.p.ProducerConfig                 -- CORRELATION_ID=ef0aea89-e606-4ccc-b3c2-4c1b55dd8aa2 : ProducerConfig values: 
	acks = all
	batch.size = 16384
	bootstrap.servers = [localhost:9092]
	buffer.memory = 33554432
	client.dns.lookup = default
	client.id = 
	compression.type = none
	connections.max.idle.ms = 540000
	delivery.timeout.ms = 120000
	enable.idempotence = false
	interceptor.classes = [org.egov.tracer.kafka.KafkaTemplateLoggingInterceptors]
	key.serializer = class org.apache.kafka.common.serialization.StringSerializer
	linger.ms = 0
	max.block.ms = 60000
	max.in.flight.requests.per.connection = 5
	max.request.size = 1048576
	metadata.max.age.ms = 300000
	metric.reporters = []
	metrics.num.samples = 2
	metrics.recording.level = INFO
	metrics.sample.window.ms = 30000
	partitioner.class = class org.apache.kafka.clients.producer.internals.DefaultPartitioner
	receive.buffer.bytes = 32768
	reconnect.backoff.max.ms = 1000
	reconnect.backoff.ms = 50
	request.timeout.ms = 30000
	retries = 2147483647
	retry.backoff.ms = 100
	sasl.client.callback.handler.class = null
	sasl.jaas.config = null
	sasl.kerberos.kinit.cmd = /usr/bin/kinit
	sasl.kerberos.min.time.before.relogin = 60000
	sasl.kerberos.service.name = null
	sasl.kerberos.ticket.renew.jitter = 0.05
	sasl.kerberos.ticket.renew.window.factor = 0.8
	sasl.login.callback.handler.class = null
	sasl.login.class = null
	sasl.login.refresh.buffer.seconds = 300
	sasl.login.refresh.min.period.seconds = 60
	sasl.login.refresh.window.factor = 0.8
	sasl.login.refresh.window.jitter = 0.05
	sasl.mechanism = GSSAPI
	security.protocol = PLAINTEXT
	send.buffer.bytes = 131072
	ssl.cipher.suites = null
	ssl.enabled.protocols = [TLSv1.2, TLSv1.1, TLSv1]
	ssl.endpoint.identification.algorithm = https
	ssl.key.password = null
	ssl.keymanager.algorithm = SunX509
	ssl.keystore.location = null
	ssl.keystore.password = null
	ssl.keystore.type = JKS
	ssl.protocol = TLS
	ssl.provider = null
	ssl.secure.random.implementation = null
	ssl.trustmanager.algorithm = PKIX
	ssl.truststore.location = null
	ssl.truststore.password = null
	ssl.truststore.type = JKS
	transaction.timeout.ms = 60000
	transactional.id = null
	value.serializer = class org.springframework.kafka.support.serializer.JsonSerializer
 
2026-05-21 17:56:10.881+0530  INFO --- [90-exec-10] o.a.k.c.utils.AppInfoParser              -- CORRELATION_ID=ef0aea89-e606-4ccc-b3c2-4c1b55dd8aa2 : Kafka version: 2.3.1 
2026-05-21 17:56:10.881+0530  INFO --- [90-exec-10] o.a.k.c.utils.AppInfoParser              -- CORRELATION_ID=ef0aea89-e606-4ccc-b3c2-4c1b55dd8aa2 : Kafka commitId: 18a913733fb71c01 
2026-05-21 17:56:10.881+0530  INFO --- [90-exec-10] o.a.k.c.utils.AppInfoParser              -- CORRELATION_ID=ef0aea89-e606-4ccc-b3c2-4c1b55dd8aa2 : Kafka startTimeMs: 1779366370877 
2026-05-21 17:56:10.900+0530  INFO --- [90-exec-10] o.e.t.k.KafkaTemplateLoggingInterceptors -- CORRELATION_ID=ef0aea89-e606-4ccc-b3c2-4c1b55dd8aa2 : Sending message to topic: save-wf-businessservice, partition: null with key: null . 
2026-05-21 17:56:11.275+0530  INFO --- [producer-1] o.a.kafka.clients.Metadata               --  : [Producer clientId=producer-1] Cluster ID: Some(MkU3OEVBNTcwNTJENDM2Qk) 
2026-05-21 17:56:11.502+0530  INFO --- [90-exec-10] o.e.t.h.filters.TracerFilter             -- CORRELATION_ID=ef0aea89-e606-4ccc-b3c2-4c1b55dd8aa2 : Response code sent: 200 
2026-05-21 17:56:26.663+0530  INFO --- [290-exec-1] o.e.t.h.filters.TracerFilter             -- CORRELATION_ID=fdea60f6-c977-4704-8a9a-65f839a06ebd : Received request URI: http://localhost:8290//egov-workflow-v2/egov-wf/process/_transition  
2026-05-21 17:56:26.677+0530 ERROR --- [290-exec-1] o.egov.tracer.ExceptionAdvise            -- CORRELATION_ID=fdea60f6-c977-4704-8a9a-65f839a06ebd : Exception caught in tracer  

org.egov.tracer.model.CustomException: No bussinessService object found for businessSerice: NewWS1 and tenantId: pb.amritsar
	at org.egov.wf.service.TransitionService.getBusinessService(TransitionService.java:166)
	at org.egov.wf.service.TransitionService.getProcessStateAndActions(TransitionService.java:51)
	at org.egov.wf.service.WorkflowService.transition(WorkflowService.java:72)
	at org.egov.wf.web.controllers.WorkflowController.processTransition(WorkflowController.java:56)
	at sun.reflect.NativeMethodAccessorImpl.invoke0(Native Method)
	at sun.reflect.NativeMethodAccessorImpl.invoke(NativeMethodAccessorImpl.java:62)
	at sun.reflect.DelegatingMethodAccessorImpl.invoke(DelegatingMethodAccessorImpl.java:43)
	at java.lang.reflect.Method.invoke(Method.java:498)
	at org.springframework.web.method.support.InvocableHandlerMethod.doInvoke(InvocableHandlerMethod.java:190)
	at org.springframework.web.method.support.InvocableHandlerMethod.invokeForRequest(InvocableHandlerMethod.java:138)
	at org.springframework.web.servlet.mvc.method.annotation.ServletInvocableHandlerMethod.invokeAndHandle(ServletInvocableHandlerMethod.java:105)
	at org.springframework.web.servlet.mvc.method.annotation.RequestMappingHandlerAdapter.invokeHandlerMethod(RequestMappingHandlerAdapter.java:878)
	at org.springframework.web.servlet.mvc.method.annotation.RequestMappingHandlerAdapter.handleInternal(RequestMappingHandlerAdapter.java:792)
	at org.springframework.web.servlet.mvc.method.AbstractHandlerMethodAdapter.handle(AbstractHandlerMethodAdapter.java:87)
	at org.springframework.web.servlet.DispatcherServlet.doDispatch(DispatcherServlet.java:1040)
	at org.springframework.web.servlet.DispatcherServlet.doService(DispatcherServlet.java:943)
	at org.springframework.web.servlet.FrameworkServlet.processRequest(FrameworkServlet.java:1006)
	at org.springframework.web.servlet.FrameworkServlet.doPost(FrameworkServlet.java:909)
	at javax.servlet.http.HttpServlet.service(HttpServlet.java:652)
	at org.springframework.web.servlet.FrameworkServlet.service(FrameworkServlet.java:883)
	at javax.servlet.http.HttpServlet.service(HttpServlet.java:733)
	at org.apache.catalina.core.ApplicationFilterChain.internalDoFilter(ApplicationFilterChain.java:231)
	at org.apache.catalina.core.ApplicationFilterChain.doFilter(ApplicationFilterChain.java:166)
	at org.apache.tomcat.websocket.server.WsFilter.doFilter(WsFilter.java:53)
	at org.apache.catalina.core.ApplicationFilterChain.internalDoFilter(ApplicationFilterChain.java:193)
	at org.apache.catalina.core.ApplicationFilterChain.doFilter(ApplicationFilterChain.java:166)
	at io.opentracing.contrib.web.servlet.filter.TracingFilter.doFilter(TracingFilter.java:165)
	at org.apache.catalina.core.ApplicationFilterChain.internalDoFilter(ApplicationFilterChain.java:193)
	at org.apache.catalina.core.ApplicationFilterChain.doFilter(ApplicationFilterChain.java:166)
	at org.egov.tracer.http.filters.TracerFilter.doFilter(TracerFilter.java:89)
	at org.apache.catalina.core.ApplicationFilterChain.internalDoFilter(ApplicationFilterChain.java:193)
	at org.apache.catalina.core.ApplicationFilterChain.doFilter(ApplicationFilterChain.java:166)
	at org.springframework.web.filter.RequestContextFilter.doFilterInternal(RequestContextFilter.java:100)
	at org.springframework.web.filter.OncePerRequestFilter.doFilter(OncePerRequestFilter.java:119)
	at org.apache.catalina.core.ApplicationFilterChain.internalDoFilter(ApplicationFilterChain.java:193)
	at org.apache.catalina.core.ApplicationFilterChain.doFilter(ApplicationFilterChain.java:166)
	at org.springframework.web.filter.FormContentFilter.doFilterInternal(FormContentFilter.java:93)
	at org.springframework.web.filter.OncePerRequestFilter.doFilter(OncePerRequestFilter.java:119)
	at org.apache.catalina.core.ApplicationFilterChain.internalDoFilter(ApplicationFilterChain.java:193)
	at org.apache.catalina.core.ApplicationFilterChain.doFilter(ApplicationFilterChain.java:166)
	at org.springframework.boot.actuate.metrics.web.servlet.WebMvcMetricsFilter.doFilterInternal(WebMvcMetricsFilter.java:109)
	at org.springframework.web.filter.OncePerRequestFilter.doFilter(OncePerRequestFilter.java:119)
	at org.apache.catalina.core.ApplicationFilterChain.internalDoFilter(ApplicationFilterChain.java:193)
	at org.apache.catalina.core.ApplicationFilterChain.doFilter(ApplicationFilterChain.java:166)
	at org.springframework.web.filter.CharacterEncodingFilter.doFilterInternal(CharacterEncodingFilter.java:201)
	at org.springframework.web.filter.OncePerRequestFilter.doFilter(OncePerRequestFilter.java:119)
	at org.apache.catalina.core.ApplicationFilterChain.internalDoFilter(ApplicationFilterChain.java:193)
	at org.apache.catalina.core.ApplicationFilterChain.doFilter(ApplicationFilterChain.java:166)
	at org.apache.catalina.core.StandardWrapperValve.invoke(StandardWrapperValve.java:202)
	at org.apache.catalina.core.StandardContextValve.invoke(StandardContextValve.java:97)
	at org.apache.catalina.authenticator.AuthenticatorBase.invoke(AuthenticatorBase.java:542)
	at org.apache.catalina.core.StandardHostValve.invoke(StandardHostValve.java:143)
	at org.apache.catalina.valves.ErrorReportValve.invoke(ErrorReportValve.java:92)
	at org.apache.catalina.core.StandardEngineValve.invoke(StandardEngineValve.java:78)
	at org.apache.catalina.connector.CoyoteAdapter.service(CoyoteAdapter.java:343)
	at org.apache.coyote.http11.Http11Processor.service(Http11Processor.java:374)
	at org.apache.coyote.AbstractProcessorLight.process(AbstractProcessorLight.java:65)
	at org.apache.coyote.AbstractProtocol$ConnectionHandler.process(AbstractProtocol.java:888)
	at org.apache.tomcat.util.net.NioEndpoint$SocketProcessor.doRun(NioEndpoint.java:1597)
	at org.apache.tomcat.util.net.SocketProcessorBase.run(SocketProcessorBase.java:49)
	at java.util.concurrent.ThreadPoolExecutor.runWorker(ThreadPoolExecutor.java:1149)
	at java.util.concurrent.ThreadPoolExecutor$Worker.run(ThreadPoolExecutor.java:624)
	at org.apache.tomcat.util.threads.TaskThread$WrappingRunnable.run(TaskThread.java:61)
	at java.lang.Thread.run(Thread.java:750)

2026-05-21 17:56:26.679+0530  INFO --- [290-exec-1] o.e.t.h.filters.TracerFilter             -- CORRELATION_ID=fdea60f6-c977-4704-8a9a-65f839a06ebd : Response code sent: 400 
2026-05-21 17:57:15.227+0530  INFO --- [290-exec-7] o.e.t.h.filters.TracerFilter             -- CORRELATION_ID=f51a800c-1178-4776-bf75-20a1b3ac1a02 : Received request URI: http://localhost:8290/egov-workflow-v2/egov-wf/businessservice/_search  
2026-05-21 17:57:15.294+0530  INFO --- [290-exec-7] o.e.t.h.filters.TracerFilter             -- CORRELATION_ID=f51a800c-1178-4776-bf75-20a1b3ac1a02 : Response code sent: 200 
2026-05-21 17:57:47.140+0530  INFO --- [290-exec-3] o.e.t.h.filters.TracerFilter             -- CORRELATION_ID=958ab666-50cd-48cc-a42d-a0ce16fc1f9e : Received request URI: http://localhost:8290/egov-workflow-v2/egov-wf/businessservice/_create  
2026-05-21 17:57:47.158+0530  INFO --- [290-exec-3] o.e.t.k.KafkaTemplateLoggingInterceptors -- CORRELATION_ID=958ab666-50cd-48cc-a42d-a0ce16fc1f9e : Sending message to topic: save-wf-businessservice, partition: null with key: null . 
2026-05-21 17:57:47.171+0530  INFO --- [290-exec-3] o.e.t.h.filters.TracerFilter             -- CORRELATION_ID=958ab666-50cd-48cc-a42d-a0ce16fc1f9e : Response code sent: 200 
2026-05-21 17:57:57.380+0530  INFO --- [290-exec-9] o.e.t.h.filters.TracerFilter             -- CORRELATION_ID=4fad28f4-6ce7-4a59-9b66-5b68c34a55ec : Received request URI: http://localhost:8290/egov-workflow-v2/egov-wf/businessservice/_search  
2026-05-21 17:57:57.395+0530  INFO --- [290-exec-9] o.e.t.h.filters.TracerFilter             -- CORRELATION_ID=4fad28f4-6ce7-4a59-9b66-5b68c34a55ec : Response code sent: 200 
2026-05-21 17:58:11.493+0530  INFO --- [290-exec-6] o.e.t.h.filters.TracerFilter             -- CORRELATION_ID=559a3333-cff6-402a-b80c-000f775de1de : Received request URI: http://localhost:8290//egov-workflow-v2/egov-wf/process/_transition  
2026-05-21 17:58:11.527+0530  INFO --- [290-exec-6] o.e.w.r.WorKflowRepository               -- CORRELATION_ID=559a3333-cff6-402a-b80c-000f775de1de :  select id from eg_wf_processinstance_v2 pi_outer WHERE  pi_outer.lastmodifiedTime = (SELECT max(lastmodifiedTime) from eg_wf_processinstance_v2 as pi_inner where pi_inner.businessid = pi_outer.businessid and tenantid = ? )  AND pi_outer.tenantid=?  and pi_outer.businessId LIKE ANY(ARRAY[  ?]) ORDER BY pi_outer.lastModifiedTime DESC  OFFSET ?  LIMIT ?  
2026-05-21 17:58:11.527+0530  INFO --- [290-exec-6] o.e.w.r.WorKflowRepository               -- CORRELATION_ID=559a3333-cff6-402a-b80c-000f775de1de : [pb.amritsar, pb.amritsar, %WS_AP/107/2026-27/000003%, 0, 10] 
2026-05-21 17:58:11.574+0530 ERROR --- [290-exec-6] o.egov.tracer.ExceptionAdvise            -- CORRELATION_ID=559a3333-cff6-402a-b80c-000f775de1de : Exception caught in tracer  

org.egov.tracer.model.CustomException: Action SUBMIT_APPLICATION not found in config for the businessId: WS_AP/107/2026-27/000003
	at org.egov.wf.service.TransitionService.getProcessStateAndActions(TransitionService.java:100)
	at org.egov.wf.service.WorkflowService.transition(WorkflowService.java:72)
	at org.egov.wf.web.controllers.WorkflowController.processTransition(WorkflowController.java:56)
	at sun.reflect.NativeMethodAccessorImpl.invoke0(Native Method)
	at sun.reflect.NativeMethodAccessorImpl.invoke(NativeMethodAccessorImpl.java:62)
	at sun.reflect.DelegatingMethodAccessorImpl.invoke(DelegatingMethodAccessorImpl.java:43)
	at java.lang.reflect.Method.invoke(Method.java:498)
	at org.springframework.web.method.support.InvocableHandlerMethod.doInvoke(InvocableHandlerMethod.java:190)
	at org.springframework.web.method.support.InvocableHandlerMethod.invokeForRequest(InvocableHandlerMethod.java:138)
	at org.springframework.web.servlet.mvc.method.annotation.ServletInvocableHandlerMethod.invokeAndHandle(ServletInvocableHandlerMethod.java:105)
	at org.springframework.web.servlet.mvc.method.annotation.RequestMappingHandlerAdapter.invokeHandlerMethod(RequestMappingHandlerAdapter.java:878)
	at org.springframework.web.servlet.mvc.method.annotation.RequestMappingHandlerAdapter.handleInternal(RequestMappingHandlerAdapter.java:792)
	at org.springframework.web.servlet.mvc.method.AbstractHandlerMethodAdapter.handle(AbstractHandlerMethodAdapter.java:87)
	at org.springframework.web.servlet.DispatcherServlet.doDispatch(DispatcherServlet.java:1040)
	at org.springframework.web.servlet.DispatcherServlet.doService(DispatcherServlet.java:943)
	at org.springframework.web.servlet.FrameworkServlet.processRequest(FrameworkServlet.java:1006)
	at org.springframework.web.servlet.FrameworkServlet.doPost(FrameworkServlet.java:909)
	at javax.servlet.http.HttpServlet.service(HttpServlet.java:652)
	at org.springframework.web.servlet.FrameworkServlet.service(FrameworkServlet.java:883)
	at javax.servlet.http.HttpServlet.service(HttpServlet.java:733)
	at org.apache.catalina.core.ApplicationFilterChain.internalDoFilter(ApplicationFilterChain.java:231)
	at org.apache.catalina.core.ApplicationFilterChain.doFilter(ApplicationFilterChain.java:166)
	at org.apache.tomcat.websocket.server.WsFilter.doFilter(WsFilter.java:53)
	at org.apache.catalina.core.ApplicationFilterChain.internalDoFilter(ApplicationFilterChain.java:193)
	at org.apache.catalina.core.ApplicationFilterChain.doFilter(ApplicationFilterChain.java:166)
	at io.opentracing.contrib.web.servlet.filter.TracingFilter.doFilter(TracingFilter.java:165)
	at org.apache.catalina.core.ApplicationFilterChain.internalDoFilter(ApplicationFilterChain.java:193)
	at org.apache.catalina.core.ApplicationFilterChain.doFilter(ApplicationFilterChain.java:166)
	at org.egov.tracer.http.filters.TracerFilter.doFilter(TracerFilter.java:89)
	at org.apache.catalina.core.ApplicationFilterChain.internalDoFilter(ApplicationFilterChain.java:193)
	at org.apache.catalina.core.ApplicationFilterChain.doFilter(ApplicationFilterChain.java:166)
	at org.springframework.web.filter.RequestContextFilter.doFilterInternal(RequestContextFilter.java:100)
	at org.springframework.web.filter.OncePerRequestFilter.doFilter(OncePerRequestFilter.java:119)
	at org.apache.catalina.core.ApplicationFilterChain.internalDoFilter(ApplicationFilterChain.java:193)
	at org.apache.catalina.core.ApplicationFilterChain.doFilter(ApplicationFilterChain.java:166)
	at org.springframework.web.filter.FormContentFilter.doFilterInternal(FormContentFilter.java:93)
	at org.springframework.web.filter.OncePerRequestFilter.doFilter(OncePerRequestFilter.java:119)
	at org.apache.catalina.core.ApplicationFilterChain.internalDoFilter(ApplicationFilterChain.java:193)
	at org.apache.catalina.core.ApplicationFilterChain.doFilter(ApplicationFilterChain.java:166)
	at org.springframework.boot.actuate.metrics.web.servlet.WebMvcMetricsFilter.doFilterInternal(WebMvcMetricsFilter.java:109)
	at org.springframework.web.filter.OncePerRequestFilter.doFilter(OncePerRequestFilter.java:119)
	at org.apache.catalina.core.ApplicationFilterChain.internalDoFilter(ApplicationFilterChain.java:193)
	at org.apache.catalina.core.ApplicationFilterChain.doFilter(ApplicationFilterChain.java:166)
	at org.springframework.web.filter.CharacterEncodingFilter.doFilterInternal(CharacterEncodingFilter.java:201)
	at org.springframework.web.filter.OncePerRequestFilter.doFilter(OncePerRequestFilter.java:119)
	at org.apache.catalina.core.ApplicationFilterChain.internalDoFilter(ApplicationFilterChain.java:193)
	at org.apache.catalina.core.ApplicationFilterChain.doFilter(ApplicationFilterChain.java:166)
	at org.apache.catalina.core.StandardWrapperValve.invoke(StandardWrapperValve.java:202)
	at org.apache.catalina.core.StandardContextValve.invoke(StandardContextValve.java:97)
	at org.apache.catalina.authenticator.AuthenticatorBase.invoke(AuthenticatorBase.java:542)
	at org.apache.catalina.core.StandardHostValve.invoke(StandardHostValve.java:143)
	at org.apache.catalina.valves.ErrorReportValve.invoke(ErrorReportValve.java:92)
	at org.apache.catalina.core.StandardEngineValve.invoke(StandardEngineValve.java:78)
	at org.apache.catalina.connector.CoyoteAdapter.service(CoyoteAdapter.java:343)
	at org.apache.coyote.http11.Http11Processor.service(Http11Processor.java:374)
	at org.apache.coyote.AbstractProcessorLight.process(AbstractProcessorLight.java:65)
	at org.apache.coyote.AbstractProtocol$ConnectionHandler.process(AbstractProtocol.java:888)
	at org.apache.tomcat.util.net.NioEndpoint$SocketProcessor.doRun(NioEndpoint.java:1597)
	at org.apache.tomcat.util.net.SocketProcessorBase.run(SocketProcessorBase.java:49)
	at java.util.concurrent.ThreadPoolExecutor.runWorker(ThreadPoolExecutor.java:1149)
	at java.util.concurrent.ThreadPoolExecutor$Worker.run(ThreadPoolExecutor.java:624)
	at org.apache.tomcat.util.threads.TaskThread$WrappingRunnable.run(TaskThread.java:61)
	at java.lang.Thread.run(Thread.java:750)

2026-05-21 17:58:11.576+0530  INFO --- [290-exec-6] o.e.t.h.filters.TracerFilter             -- CORRELATION_ID=559a3333-cff6-402a-b80c-000f775de1de : Response code sent: 400 
2026-05-21 18:02:08.267+0530  INFO --- [290-exec-7] o.e.t.h.filters.TracerFilter             -- CORRELATION_ID=2393e9cc-b928-4692-90ce-3695aaf56857 : Received request URI: http://localhost:8290//egov-workflow-v2/egov-wf/process/_transition  
2026-05-21 18:02:08.360+0530  INFO --- [290-exec-7] o.e.w.r.WorKflowRepository               -- CORRELATION_ID=2393e9cc-b928-4692-90ce-3695aaf56857 :  select id from eg_wf_processinstance_v2 pi_outer WHERE  pi_outer.lastmodifiedTime = (SELECT max(lastmodifiedTime) from eg_wf_processinstance_v2 as pi_inner where pi_inner.businessid = pi_outer.businessid and tenantid = ? )  AND pi_outer.tenantid=?  and pi_outer.businessId LIKE ANY(ARRAY[  ?]) ORDER BY pi_outer.lastModifiedTime DESC  OFFSET ?  LIMIT ?  
2026-05-21 18:02:08.360+0530  INFO --- [290-exec-7] o.e.w.r.WorKflowRepository               -- CORRELATION_ID=2393e9cc-b928-4692-90ce-3695aaf56857 : [pb.amritsar, pb.amritsar, %WS_AP/107/2026-27/000004%, 0, 10] 
2026-05-21 18:02:08.480+0530  INFO --- [290-exec-7] o.e.t.h.RestTemplateLoggingInterceptor   -- CORRELATION_ID=2393e9cc-b928-4692-90ce-3695aaf56857 : Sending request to http://localhost:8081/user/_search with verb POST 
2026-05-21 18:02:08.597+0530  INFO --- [290-exec-7] o.e.t.h.RestTemplateLoggingInterceptor   -- CORRELATION_ID=2393e9cc-b928-4692-90ce-3695aaf56857 : Received response from http://localhost:8081/user/_search 
2026-05-21 18:02:08.679+0530 ERROR --- [290-exec-7] o.egov.tracer.ExceptionAdvise            -- CORRELATION_ID=2393e9cc-b928-4692-90ce-3695aaf56857 : Exception caught in tracer  

org.egov.tracer.model.CustomException: No user found for the uuids: [test-uuid-1]
	at org.egov.wf.service.UserService.searchUser(UserService.java:55)
	at org.egov.wf.service.EnrichmentService.enrichUsers(EnrichmentService.java:147)
	at org.egov.wf.service.EnrichmentService.enrichProcessRequest(EnrichmentService.java:90)
	at org.egov.wf.service.WorkflowService.transition(WorkflowService.java:73)
	at org.egov.wf.web.controllers.WorkflowController.processTransition(WorkflowController.java:56)
	at sun.reflect.NativeMethodAccessorImpl.invoke0(Native Method)
	at sun.reflect.NativeMethodAccessorImpl.invoke(NativeMethodAccessorImpl.java:62)
	at sun.reflect.DelegatingMethodAccessorImpl.invoke(DelegatingMethodAccessorImpl.java:43)
	at java.lang.reflect.Method.invoke(Method.java:498)
	at org.springframework.web.method.support.InvocableHandlerMethod.doInvoke(InvocableHandlerMethod.java:190)
	at org.springframework.web.method.support.InvocableHandlerMethod.invokeForRequest(InvocableHandlerMethod.java:138)
	at org.springframework.web.servlet.mvc.method.annotation.ServletInvocableHandlerMethod.invokeAndHandle(ServletInvocableHandlerMethod.java:105)
	at org.springframework.web.servlet.mvc.method.annotation.RequestMappingHandlerAdapter.invokeHandlerMethod(RequestMappingHandlerAdapter.java:878)
	at org.springframework.web.servlet.mvc.method.annotation.RequestMappingHandlerAdapter.handleInternal(RequestMappingHandlerAdapter.java:792)
	at org.springframework.web.servlet.mvc.method.AbstractHandlerMethodAdapter.handle(AbstractHandlerMethodAdapter.java:87)
	at org.springframework.web.servlet.DispatcherServlet.doDispatch(DispatcherServlet.java:1040)
	at org.springframework.web.servlet.DispatcherServlet.doService(DispatcherServlet.java:943)
	at org.springframework.web.servlet.FrameworkServlet.processRequest(FrameworkServlet.java:1006)
	at org.springframework.web.servlet.FrameworkServlet.doPost(FrameworkServlet.java:909)
	at javax.servlet.http.HttpServlet.service(HttpServlet.java:652)
	at org.springframework.web.servlet.FrameworkServlet.service(FrameworkServlet.java:883)
	at javax.servlet.http.HttpServlet.service(HttpServlet.java:733)
	at org.apache.catalina.core.ApplicationFilterChain.internalDoFilter(ApplicationFilterChain.java:231)
	at org.apache.catalina.core.ApplicationFilterChain.doFilter(ApplicationFilterChain.java:166)
	at org.apache.tomcat.websocket.server.WsFilter.doFilter(WsFilter.java:53)
	at org.apache.catalina.core.ApplicationFilterChain.internalDoFilter(ApplicationFilterChain.java:193)
	at org.apache.catalina.core.ApplicationFilterChain.doFilter(ApplicationFilterChain.java:166)
	at io.opentracing.contrib.web.servlet.filter.TracingFilter.doFilter(TracingFilter.java:165)
	at org.apache.catalina.core.ApplicationFilterChain.internalDoFilter(ApplicationFilterChain.java:193)
	at org.apache.catalina.core.ApplicationFilterChain.doFilter(ApplicationFilterChain.java:166)
	at org.egov.tracer.http.filters.TracerFilter.doFilter(TracerFilter.java:89)
	at org.apache.catalina.core.ApplicationFilterChain.internalDoFilter(ApplicationFilterChain.java:193)
	at org.apache.catalina.core.ApplicationFilterChain.doFilter(ApplicationFilterChain.java:166)
	at org.springframework.web.filter.RequestContextFilter.doFilterInternal(RequestContextFilter.java:100)
	at org.springframework.web.filter.OncePerRequestFilter.doFilter(OncePerRequestFilter.java:119)
	at org.apache.catalina.core.ApplicationFilterChain.internalDoFilter(ApplicationFilterChain.java:193)
	at org.apache.catalina.core.ApplicationFilterChain.doFilter(ApplicationFilterChain.java:166)
	at org.springframework.web.filter.FormContentFilter.doFilterInternal(FormContentFilter.java:93)
	at org.springframework.web.filter.OncePerRequestFilter.doFilter(OncePerRequestFilter.java:119)
	at org.apache.catalina.core.ApplicationFilterChain.internalDoFilter(ApplicationFilterChain.java:193)
	at org.apache.catalina.core.ApplicationFilterChain.doFilter(ApplicationFilterChain.java:166)
	at org.springframework.boot.actuate.metrics.web.servlet.WebMvcMetricsFilter.doFilterInternal(WebMvcMetricsFilter.java:109)
	at org.springframework.web.filter.OncePerRequestFilter.doFilter(OncePerRequestFilter.java:119)
	at org.apache.catalina.core.ApplicationFilterChain.internalDoFilter(ApplicationFilterChain.java:193)
	at org.apache.catalina.core.ApplicationFilterChain.doFilter(ApplicationFilterChain.java:166)
	at org.springframework.web.filter.CharacterEncodingFilter.doFilterInternal(CharacterEncodingFilter.java:201)
	at org.springframework.web.filter.OncePerRequestFilter.doFilter(OncePerRequestFilter.java:119)
	at org.apache.catalina.core.ApplicationFilterChain.internalDoFilter(ApplicationFilterChain.java:193)
	at org.apache.catalina.core.ApplicationFilterChain.doFilter(ApplicationFilterChain.java:166)
	at org.apache.catalina.core.StandardWrapperValve.invoke(StandardWrapperValve.java:202)
	at org.apache.catalina.core.StandardContextValve.invoke(StandardContextValve.java:97)
	at org.apache.catalina.authenticator.AuthenticatorBase.invoke(AuthenticatorBase.java:542)
	at org.apache.catalina.core.StandardHostValve.invoke(StandardHostValve.java:143)
	at org.apache.catalina.valves.ErrorReportValve.invoke(ErrorReportValve.java:92)
	at org.apache.catalina.core.StandardEngineValve.invoke(StandardEngineValve.java:78)
	at org.apache.catalina.connector.CoyoteAdapter.service(CoyoteAdapter.java:343)
	at org.apache.coyote.http11.Http11Processor.service(Http11Processor.java:374)
	at org.apache.coyote.AbstractProcessorLight.process(AbstractProcessorLight.java:65)
	at org.apache.coyote.AbstractProtocol$ConnectionHandler.process(AbstractProtocol.java:888)
	at org.apache.tomcat.util.net.NioEndpoint$SocketProcessor.doRun(NioEndpoint.java:1597)
	at org.apache.tomcat.util.net.SocketProcessorBase.run(SocketProcessorBase.java:49)
	at java.util.concurrent.ThreadPoolExecutor.runWorker(ThreadPoolExecutor.java:1149)
	at java.util.concurrent.ThreadPoolExecutor$Worker.run(ThreadPoolExecutor.java:624)
	at org.apache.tomcat.util.threads.TaskThread$WrappingRunnable.run(TaskThread.java:61)
	at java.lang.Thread.run(Thread.java:750)

2026-05-21 18:02:08.684+0530  INFO --- [290-exec-7] o.e.t.h.filters.TracerFilter             -- CORRELATION_ID=2393e9cc-b928-4692-90ce-3695aaf56857 : Response code sent: 400 
2026-05-21 18:03:18.431+0530  INFO --- [290-exec-4] o.e.t.h.filters.TracerFilter             -- CORRELATION_ID=91b33ee8-6531-4d81-a86b-6b67db077c33 : Received request URI: http://localhost:8290//egov-workflow-v2/egov-wf/process/_transition  
2026-05-21 18:03:18.446+0530  INFO --- [290-exec-4] o.e.w.r.WorKflowRepository               -- CORRELATION_ID=91b33ee8-6531-4d81-a86b-6b67db077c33 :  select id from eg_wf_processinstance_v2 pi_outer WHERE  pi_outer.lastmodifiedTime = (SELECT max(lastmodifiedTime) from eg_wf_processinstance_v2 as pi_inner where pi_inner.businessid = pi_outer.businessid and tenantid = ? )  AND pi_outer.tenantid=?  and pi_outer.businessId LIKE ANY(ARRAY[  ?]) ORDER BY pi_outer.lastModifiedTime DESC  OFFSET ?  LIMIT ?  
2026-05-21 18:03:18.447+0530  INFO --- [290-exec-4] o.e.w.r.WorKflowRepository               -- CORRELATION_ID=91b33ee8-6531-4d81-a86b-6b67db077c33 : [pb.amritsar, pb.amritsar, %WS_AP/107/2026-27/000005%, 0, 10] 
2026-05-21 18:03:18.453+0530  INFO --- [290-exec-4] o.e.t.h.RestTemplateLoggingInterceptor   -- CORRELATION_ID=91b33ee8-6531-4d81-a86b-6b67db077c33 : Sending request to http://localhost:8081/user/_search with verb POST 
2026-05-21 18:03:18.804+0530  INFO --- [290-exec-4] o.e.t.h.RestTemplateLoggingInterceptor   -- CORRELATION_ID=91b33ee8-6531-4d81-a86b-6b67db077c33 : Received response from http://localhost:8081/user/_search 
2026-05-21 18:03:18.845+0530 ERROR --- [290-exec-4] o.e.w.r.ServiceRequestRepository         -- CORRELATION_ID=91b33ee8-6531-4d81-a86b-6b67db077c33 : External Service threw an Exception:  

org.springframework.web.client.HttpClientErrorException$BadRequest: 400 : [{"ResponseInfo":null,"Errors":[{"code":"UNKNOWN_ERROR","message":"Unknown error occurred in decryption process","description":null,"params":null}]}]
	at org.springframework.web.client.HttpClientErrorException.create(HttpClientErrorException.java:101)
	at org.springframework.web.client.DefaultResponseErrorHandler.handleError(DefaultResponseErrorHandler.java:184)
	at org.springframework.web.client.DefaultResponseErrorHandler.handleError(DefaultResponseErrorHandler.java:125)
	at org.springframework.web.client.ResponseErrorHandler.handleError(ResponseErrorHandler.java:63)
	at org.springframework.web.client.RestTemplate.handleResponse(RestTemplate.java:780)
	at org.springframework.web.client.RestTemplate.doExecute(RestTemplate.java:738)
	at org.springframework.web.client.RestTemplate.execute(RestTemplate.java:672)
	at org.springframework.web.client.RestTemplate.postForObject(RestTemplate.java:416)
	at org.egov.wf.repository.ServiceRequestRepository.fetchResult(ServiceRequestRepository.java:34)
	at org.egov.wf.repository.ServiceRequestRepository$$FastClassBySpringCGLIB$$d261db24.invoke(<generated>)
	at org.springframework.cglib.proxy.MethodProxy.invoke(MethodProxy.java:218)
	at org.springframework.aop.framework.CglibAopProxy$CglibMethodInvocation.invokeJoinpoint(CglibAopProxy.java:771)
	at org.springframework.aop.framework.ReflectiveMethodInvocation.proceed(ReflectiveMethodInvocation.java:163)
	at org.springframework.aop.framework.CglibAopProxy$CglibMethodInvocation.proceed(CglibAopProxy.java:749)
	at org.springframework.dao.support.PersistenceExceptionTranslationInterceptor.invoke(PersistenceExceptionTranslationInterceptor.java:139)
	at org.springframework.aop.framework.ReflectiveMethodInvocation.proceed(ReflectiveMethodInvocation.java:186)
	at org.springframework.aop.framework.CglibAopProxy$CglibMethodInvocation.proceed(CglibAopProxy.java:749)
	at org.springframework.aop.framework.CglibAopProxy$DynamicAdvisedInterceptor.intercept(CglibAopProxy.java:691)
	at org.egov.wf.repository.ServiceRequestRepository$$EnhancerBySpringCGLIB$$24d24e19.fetchResult(<generated>)
	at org.egov.wf.service.UserService.userCall(UserService.java:91)
	at org.egov.wf.service.UserService.searchUser(UserService.java:53)
	at org.egov.wf.service.EnrichmentService.enrichUsers(EnrichmentService.java:147)
	at org.egov.wf.service.EnrichmentService.enrichProcessRequest(EnrichmentService.java:90)
	at org.egov.wf.service.WorkflowService.transition(WorkflowService.java:73)
	at org.egov.wf.web.controllers.WorkflowController.processTransition(WorkflowController.java:56)
	at sun.reflect.NativeMethodAccessorImpl.invoke0(Native Method)
	at sun.reflect.NativeMethodAccessorImpl.invoke(NativeMethodAccessorImpl.java:62)
	at sun.reflect.DelegatingMethodAccessorImpl.invoke(DelegatingMethodAccessorImpl.java:43)
	at java.lang.reflect.Method.invoke(Method.java:498)
	at org.springframework.web.method.support.InvocableHandlerMethod.doInvoke(InvocableHandlerMethod.java:190)
	at org.springframework.web.method.support.InvocableHandlerMethod.invokeForRequest(InvocableHandlerMethod.java:138)
	at org.springframework.web.servlet.mvc.method.annotation.ServletInvocableHandlerMethod.invokeAndHandle(ServletInvocableHandlerMethod.java:105)
	at org.springframework.web.servlet.mvc.method.annotation.RequestMappingHandlerAdapter.invokeHandlerMethod(RequestMappingHandlerAdapter.java:878)
	at org.springframework.web.servlet.mvc.method.annotation.RequestMappingHandlerAdapter.handleInternal(RequestMappingHandlerAdapter.java:792)
	at org.springframework.web.servlet.mvc.method.AbstractHandlerMethodAdapter.handle(AbstractHandlerMethodAdapter.java:87)
	at org.springframework.web.servlet.DispatcherServlet.doDispatch(DispatcherServlet.java:1040)
	at org.springframework.web.servlet.DispatcherServlet.doService(DispatcherServlet.java:943)
	at org.springframework.web.servlet.FrameworkServlet.processRequest(FrameworkServlet.java:1006)
	at org.springframework.web.servlet.FrameworkServlet.doPost(FrameworkServlet.java:909)
	at javax.servlet.http.HttpServlet.service(HttpServlet.java:652)
	at org.springframework.web.servlet.FrameworkServlet.service(FrameworkServlet.java:883)
	at javax.servlet.http.HttpServlet.service(HttpServlet.java:733)
	at org.apache.catalina.core.ApplicationFilterChain.internalDoFilter(ApplicationFilterChain.java:231)
	at org.apache.catalina.core.ApplicationFilterChain.doFilter(ApplicationFilterChain.java:166)
	at org.apache.tomcat.websocket.server.WsFilter.doFilter(WsFilter.java:53)
	at org.apache.catalina.core.ApplicationFilterChain.internalDoFilter(ApplicationFilterChain.java:193)
	at org.apache.catalina.core.ApplicationFilterChain.doFilter(ApplicationFilterChain.java:166)
	at io.opentracing.contrib.web.servlet.filter.TracingFilter.doFilter(TracingFilter.java:165)
	at org.apache.catalina.core.ApplicationFilterChain.internalDoFilter(ApplicationFilterChain.java:193)
	at org.apache.catalina.core.ApplicationFilterChain.doFilter(ApplicationFilterChain.java:166)
	at org.egov.tracer.http.filters.TracerFilter.doFilter(TracerFilter.java:89)
	at org.apache.catalina.core.ApplicationFilterChain.internalDoFilter(ApplicationFilterChain.java:193)
	at org.apache.catalina.core.ApplicationFilterChain.doFilter(ApplicationFilterChain.java:166)
	at org.springframework.web.filter.RequestContextFilter.doFilterInternal(RequestContextFilter.java:100)
	at org.springframework.web.filter.OncePerRequestFilter.doFilter(OncePerRequestFilter.java:119)
	at org.apache.catalina.core.ApplicationFilterChain.internalDoFilter(ApplicationFilterChain.java:193)
	at org.apache.catalina.core.ApplicationFilterChain.doFilter(ApplicationFilterChain.java:166)
	at org.springframework.web.filter.FormContentFilter.doFilterInternal(FormContentFilter.java:93)
	at org.springframework.web.filter.OncePerRequestFilter.doFilter(OncePerRequestFilter.java:119)
	at org.apache.catalina.core.ApplicationFilterChain.internalDoFilter(ApplicationFilterChain.java:193)
	at org.apache.catalina.core.ApplicationFilterChain.doFilter(ApplicationFilterChain.java:166)
	at org.springframework.boot.actuate.metrics.web.servlet.WebMvcMetricsFilter.doFilterInternal(WebMvcMetricsFilter.java:109)
	at org.springframework.web.filter.OncePerRequestFilter.doFilter(OncePerRequestFilter.java:119)
	at org.apache.catalina.core.ApplicationFilterChain.internalDoFilter(ApplicationFilterChain.java:193)
	at org.apache.catalina.core.ApplicationFilterChain.doFilter(ApplicationFilterChain.java:166)
	at org.springframework.web.filter.CharacterEncodingFilter.doFilterInternal(CharacterEncodingFilter.java:201)
	at org.springframework.web.filter.OncePerRequestFilter.doFilter(OncePerRequestFilter.java:119)
	at org.apache.catalina.core.ApplicationFilterChain.internalDoFilter(ApplicationFilterChain.java:193)
	at org.apache.catalina.core.ApplicationFilterChain.doFilter(ApplicationFilterChain.java:166)
	at org.apache.catalina.core.StandardWrapperValve.invoke(StandardWrapperValve.java:202)
	at org.apache.catalina.core.StandardContextValve.invoke(StandardContextValve.java:97)
	at org.apache.catalina.authenticator.AuthenticatorBase.invoke(AuthenticatorBase.java:542)
	at org.apache.catalina.core.StandardHostValve.invoke(StandardHostValve.java:143)
	at org.apache.catalina.valves.ErrorReportValve.invoke(ErrorReportValve.java:92)
	at org.apache.catalina.core.StandardEngineValve.invoke(StandardEngineValve.java:78)
	at org.apache.catalina.connector.CoyoteAdapter.service(CoyoteAdapter.java:343)
	at org.apache.coyote.http11.Http11Processor.service(Http11Processor.java:374)
	at org.apache.coyote.AbstractProcessorLight.process(AbstractProcessorLight.java:65)
	at org.apache.coyote.AbstractProtocol$ConnectionHandler.process(AbstractProtocol.java:888)
	at org.apache.tomcat.util.net.NioEndpoint$SocketProcessor.doRun(NioEndpoint.java:1597)
	at org.apache.tomcat.util.net.SocketProcessorBase.run(SocketProcessorBase.java:49)
	at java.util.concurrent.ThreadPoolExecutor.runWorker(ThreadPoolExecutor.java:1149)
	at java.util.concurrent.ThreadPoolExecutor$Worker.run(ThreadPoolExecutor.java:624)
	at org.apache.tomcat.util.threads.TaskThread$WrappingRunnable.run(TaskThread.java:61)
	at java.lang.Thread.run(Thread.java:750)

2026-05-21 18:03:18.920+0530 ERROR --- [290-exec-4] o.egov.tracer.ExceptionAdvise            -- CORRELATION_ID=91b33ee8-6531-4d81-a86b-6b67db077c33 : Exception caught in tracer  

org.egov.tracer.model.ServiceCallException: null
	at org.egov.wf.repository.ServiceRequestRepository.fetchResult(ServiceRequestRepository.java:37)
	at org.egov.wf.repository.ServiceRequestRepository$$FastClassBySpringCGLIB$$d261db24.invoke(<generated>)
	at org.springframework.cglib.proxy.MethodProxy.invoke(MethodProxy.java:218)
	at org.springframework.aop.framework.CglibAopProxy$CglibMethodInvocation.invokeJoinpoint(CglibAopProxy.java:771)
	at org.springframework.aop.framework.ReflectiveMethodInvocation.proceed(ReflectiveMethodInvocation.java:163)
	at org.springframework.aop.framework.CglibAopProxy$CglibMethodInvocation.proceed(CglibAopProxy.java:749)
	at org.springframework.dao.support.PersistenceExceptionTranslationInterceptor.invoke(PersistenceExceptionTranslationInterceptor.java:139)
	at org.springframework.aop.framework.ReflectiveMethodInvocation.proceed(ReflectiveMethodInvocation.java:186)
	at org.springframework.aop.framework.CglibAopProxy$CglibMethodInvocation.proceed(CglibAopProxy.java:749)
	at org.springframework.aop.framework.CglibAopProxy$DynamicAdvisedInterceptor.intercept(CglibAopProxy.java:691)
	at org.egov.wf.repository.ServiceRequestRepository$$EnhancerBySpringCGLIB$$24d24e19.fetchResult(<generated>)
	at org.egov.wf.service.UserService.userCall(UserService.java:91)
	at org.egov.wf.service.UserService.searchUser(UserService.java:53)
	at org.egov.wf.service.EnrichmentService.enrichUsers(EnrichmentService.java:147)
	at org.egov.wf.service.EnrichmentService.enrichProcessRequest(EnrichmentService.java:90)
	at org.egov.wf.service.WorkflowService.transition(WorkflowService.java:73)
	at org.egov.wf.web.controllers.WorkflowController.processTransition(WorkflowController.java:56)
	at sun.reflect.NativeMethodAccessorImpl.invoke0(Native Method)
	at sun.reflect.NativeMethodAccessorImpl.invoke(NativeMethodAccessorImpl.java:62)
	at sun.reflect.DelegatingMethodAccessorImpl.invoke(DelegatingMethodAccessorImpl.java:43)
	at java.lang.reflect.Method.invoke(Method.java:498)
	at org.springframework.web.method.support.InvocableHandlerMethod.doInvoke(InvocableHandlerMethod.java:190)
	at org.springframework.web.method.support.InvocableHandlerMethod.invokeForRequest(InvocableHandlerMethod.java:138)
	at org.springframework.web.servlet.mvc.method.annotation.ServletInvocableHandlerMethod.invokeAndHandle(ServletInvocableHandlerMethod.java:105)
	at org.springframework.web.servlet.mvc.method.annotation.RequestMappingHandlerAdapter.invokeHandlerMethod(RequestMappingHandlerAdapter.java:878)
	at org.springframework.web.servlet.mvc.method.annotation.RequestMappingHandlerAdapter.handleInternal(RequestMappingHandlerAdapter.java:792)
	at org.springframework.web.servlet.mvc.method.AbstractHandlerMethodAdapter.handle(AbstractHandlerMethodAdapter.java:87)
	at org.springframework.web.servlet.DispatcherServlet.doDispatch(DispatcherServlet.java:1040)
	at org.springframework.web.servlet.DispatcherServlet.doService(DispatcherServlet.java:943)
	at org.springframework.web.servlet.FrameworkServlet.processRequest(FrameworkServlet.java:1006)
	at org.springframework.web.servlet.FrameworkServlet.doPost(FrameworkServlet.java:909)
	at javax.servlet.http.HttpServlet.service(HttpServlet.java:652)
	at org.springframework.web.servlet.FrameworkServlet.service(FrameworkServlet.java:883)
	at javax.servlet.http.HttpServlet.service(HttpServlet.java:733)
	at org.apache.catalina.core.ApplicationFilterChain.internalDoFilter(ApplicationFilterChain.java:231)
	at org.apache.catalina.core.ApplicationFilterChain.doFilter(ApplicationFilterChain.java:166)
	at org.apache.tomcat.websocket.server.WsFilter.doFilter(WsFilter.java:53)
	at org.apache.catalina.core.ApplicationFilterChain.internalDoFilter(ApplicationFilterChain.java:193)
	at org.apache.catalina.core.ApplicationFilterChain.doFilter(ApplicationFilterChain.java:166)
	at io.opentracing.contrib.web.servlet.filter.TracingFilter.doFilter(TracingFilter.java:165)
	at org.apache.catalina.core.ApplicationFilterChain.internalDoFilter(ApplicationFilterChain.java:193)
	at org.apache.catalina.core.ApplicationFilterChain.doFilter(ApplicationFilterChain.java:166)
	at org.egov.tracer.http.filters.TracerFilter.doFilter(TracerFilter.java:89)
	at org.apache.catalina.core.ApplicationFilterChain.internalDoFilter(ApplicationFilterChain.java:193)
	at org.apache.catalina.core.ApplicationFilterChain.doFilter(ApplicationFilterChain.java:166)
	at org.springframework.web.filter.RequestContextFilter.doFilterInternal(RequestContextFilter.java:100)
	at org.springframework.web.filter.OncePerRequestFilter.doFilter(OncePerRequestFilter.java:119)
	at org.apache.catalina.core.ApplicationFilterChain.internalDoFilter(ApplicationFilterChain.java:193)
	at org.apache.catalina.core.ApplicationFilterChain.doFilter(ApplicationFilterChain.java:166)
	at org.springframework.web.filter.FormContentFilter.doFilterInternal(FormContentFilter.java:93)
	at org.springframework.web.filter.OncePerRequestFilter.doFilter(OncePerRequestFilter.java:119)
	at org.apache.catalina.core.ApplicationFilterChain.internalDoFilter(ApplicationFilterChain.java:193)
	at org.apache.catalina.core.ApplicationFilterChain.doFilter(ApplicationFilterChain.java:166)
	at org.springframework.boot.actuate.metrics.web.servlet.WebMvcMetricsFilter.doFilterInternal(WebMvcMetricsFilter.java:109)
	at org.springframework.web.filter.OncePerRequestFilter.doFilter(OncePerRequestFilter.java:119)
	at org.apache.catalina.core.ApplicationFilterChain.internalDoFilter(ApplicationFilterChain.java:193)
	at org.apache.catalina.core.ApplicationFilterChain.doFilter(ApplicationFilterChain.java:166)
	at org.springframework.web.filter.CharacterEncodingFilter.doFilterInternal(CharacterEncodingFilter.java:201)
	at org.springframework.web.filter.OncePerRequestFilter.doFilter(OncePerRequestFilter.java:119)
	at org.apache.catalina.core.ApplicationFilterChain.internalDoFilter(ApplicationFilterChain.java:193)
	at org.apache.catalina.core.ApplicationFilterChain.doFilter(ApplicationFilterChain.java:166)
	at org.apache.catalina.core.StandardWrapperValve.invoke(StandardWrapperValve.java:202)
	at org.apache.catalina.core.StandardContextValve.invoke(StandardContextValve.java:97)
	at org.apache.catalina.authenticator.AuthenticatorBase.invoke(AuthenticatorBase.java:542)
	at org.apache.catalina.core.StandardHostValve.invoke(StandardHostValve.java:143)
	at org.apache.catalina.valves.ErrorReportValve.invoke(ErrorReportValve.java:92)
	at org.apache.catalina.core.StandardEngineValve.invoke(StandardEngineValve.java:78)
	at org.apache.catalina.connector.CoyoteAdapter.service(CoyoteAdapter.java:343)
	at org.apache.coyote.http11.Http11Processor.service(Http11Processor.java:374)
	at org.apache.coyote.AbstractProcessorLight.process(AbstractProcessorLight.java:65)
	at org.apache.coyote.AbstractProtocol$ConnectionHandler.process(AbstractProtocol.java:888)
	at org.apache.tomcat.util.net.NioEndpoint$SocketProcessor.doRun(NioEndpoint.java:1597)
	at org.apache.tomcat.util.net.SocketProcessorBase.run(SocketProcessorBase.java:49)
	at java.util.concurrent.ThreadPoolExecutor.runWorker(ThreadPoolExecutor.java:1149)
	at java.util.concurrent.ThreadPoolExecutor$Worker.run(ThreadPoolExecutor.java:624)
	at org.apache.tomcat.util.threads.TaskThread$WrappingRunnable.run(TaskThread.java:61)
	at java.lang.Thread.run(Thread.java:750)

2026-05-21 18:03:18.952+0530  INFO --- [290-exec-4] o.e.t.h.filters.TracerFilter             -- CORRELATION_ID=91b33ee8-6531-4d81-a86b-6b67db077c33 : Response code sent: 400 
2026-05-21 18:04:25.985+0530  INFO --- [290-exec-5] o.e.t.h.filters.TracerFilter             -- CORRELATION_ID=e180feba-b3f5-4aab-9e13-a7633949b33c : Received request URI: http://localhost:8290//egov-workflow-v2/egov-wf/process/_transition  
2026-05-21 18:04:25.995+0530  INFO --- [290-exec-5] o.e.w.r.WorKflowRepository               -- CORRELATION_ID=e180feba-b3f5-4aab-9e13-a7633949b33c :  select id from eg_wf_processinstance_v2 pi_outer WHERE  pi_outer.lastmodifiedTime = (SELECT max(lastmodifiedTime) from eg_wf_processinstance_v2 as pi_inner where pi_inner.businessid = pi_outer.businessid and tenantid = ? )  AND pi_outer.tenantid=?  and pi_outer.businessId LIKE ANY(ARRAY[  ?]) ORDER BY pi_outer.lastModifiedTime DESC  OFFSET ?  LIMIT ?  
2026-05-21 18:04:25.996+0530  INFO --- [290-exec-5] o.e.w.r.WorKflowRepository               -- CORRELATION_ID=e180feba-b3f5-4aab-9e13-a7633949b33c : [pb.amritsar, pb.amritsar, %WS_AP/107/2026-27/000006%, 0, 10] 
2026-05-21 18:04:26.000+0530  INFO --- [290-exec-5] o.e.t.h.RestTemplateLoggingInterceptor   -- CORRELATION_ID=e180feba-b3f5-4aab-9e13-a7633949b33c : Sending request to http://localhost:8081/user/_search with verb POST 
2026-05-21 18:04:26.058+0530  INFO --- [290-exec-5] o.e.t.h.RestTemplateLoggingInterceptor   -- CORRELATION_ID=e180feba-b3f5-4aab-9e13-a7633949b33c : Received response from http://localhost:8081/user/_search 
2026-05-21 18:04:26.114+0530  INFO --- [290-exec-5] o.e.t.k.KafkaTemplateLoggingInterceptors -- CORRELATION_ID=e180feba-b3f5-4aab-9e13-a7633949b33c : Sending message to topic: save-wf-transitions, partition: null with key: null . 
2026-05-21 18:04:26.266+0530  INFO --- [290-exec-5] o.e.t.h.filters.TracerFilter             -- CORRELATION_ID=e180feba-b3f5-4aab-9e13-a7633949b33c : Response code sent: 200 
