
  .   ____          _            __ _ _
 /\\ / ___'_ __ _ _(_)_ __  __ _ \ \ \ \
( ( )\___ | '_ | '_| | '_ \/ _` | \ \ \ \
 \\/  ___)| |_)| | | | | || (_| |  ) ) ) )
  '  |____| .__|_| |_|_| |_\__, | / / / /
 =========|_|==============|___/=/_/_/_/
 :: Spring Boot ::       (v2.2.13.RELEASE)

2026-05-21 17:49:36.899+0530  INFO --- [      main] o.e.b.BoundaryApplication                --  : Starting BoundaryApplication v1.1.5-SNAPSHOT on LAPTOP-Q2EQEE4F with PID 35636 (C:\Users\Aditya\Downloads\DIGIT-OSS-master\municipal-services-go\egov-location\target\egov-location-1.1.5-SNAPSHOT.jar started by Aditya in C:\Users\Aditya\Downloads\DIGIT-OSS-master\municipal-services-go\local-deploy) 
2026-05-21 17:49:36.908+0530  INFO --- [      main] o.e.b.BoundaryApplication                --  : No active profile set, falling back to default profiles: default 
2026-05-21 17:49:49.223+0530  INFO --- [      main] o.s.b.w.e.t.TomcatWebServer              --  : Tomcat initialized with port(s): 8084 (http) 
2026-05-21 17:49:49.271+0530  INFO --- [      main] o.a.c.core.StandardService               --  : Starting service [Tomcat] 
2026-05-21 17:49:49.272+0530  INFO --- [      main] o.a.c.core.StandardEngine                --  : Starting Servlet engine: [Apache Tomcat/9.0.41] 
2026-05-21 17:49:49.685+0530  INFO --- [      main] o.a.c.c.C.[.[.[/egov-location]           --  : Initializing Spring embedded WebApplicationContext 
2026-05-21 17:49:49.685+0530  INFO --- [      main] w.s.c.ServletWebServerApplicationContext --  : Root WebApplicationContext: initialization completed in 12389 ms 
2026-05-21 17:49:49.845+0530  INFO --- [      main] o.c.s.w.s.ServerTracingAutoConfiguration --  : Creating FilterRegistrationBean bean with TracingFilter mapped to [/*], skip pattern is "/api-docs.*|/autoconfig|/configprops|/dump|/health|/info|/metrics.*|/mappings|/swagger.*|.*.png|.*.css|.*.js|.*.html|/favicon.ico|/hystrix.stream|/prometheus|/manage/*" 
2026-05-21 17:49:57.483+0530  INFO --- [      main] o.c.s.w.s.ServerTracingAutoConfiguration --  : Creating WebMvcConfigurerAdapter bean with class io.opentracing.contrib.spring.web.interceptor.TracingHandlerInterceptor 
2026-05-21 17:49:58.414+0530  INFO --- [      main] o.s.s.c.ThreadPoolTaskExecutor           --  : Initializing ExecutorService 'applicationTaskExecutor' 
2026-05-21 17:50:02.128+0530  INFO --- [      main] o.s.b.a.e.w.EndpointLinksResolver        --  : Exposing 2 endpoint(s) beneath base path '' 
2026-05-21 17:50:02.535+0530  INFO --- [      main] o.s.b.w.e.t.TomcatWebServer              --  : Tomcat started on port(s): 8084 (http) with context path '/egov-location' 
2026-05-21 17:50:02.716+0530  INFO --- [      main] o.e.b.BoundaryApplication                --  : Started BoundaryApplication in 28.027 seconds (JVM running for 30.093) 
2026-05-21 17:51:17.130+0530  INFO --- [084-exec-3] o.a.c.c.C.[.[.[/egov-location]           --  : Initializing Spring DispatcherServlet 'dispatcherServlet' 
2026-05-21 17:51:17.132+0530  INFO --- [084-exec-3] o.s.w.s.DispatcherServlet                --  : Initializing Servlet 'dispatcherServlet' 
2026-05-21 17:51:17.182+0530  INFO --- [084-exec-3] o.s.w.s.DispatcherServlet                --  : Completed initialization in 50 ms 
2026-05-21 17:51:17.234+0530  INFO --- [084-exec-3] o.e.t.h.filters.TracerFilter             -- CORRELATION_ID=3289ebfc-d87c-4d50-a2f1-50525d6f83af : Received request URI: http://localhost:8084/egov-location/location/v11/boundarys/_search  
2026-05-21 17:51:17.927+0530  INFO --- [084-exec-3] o.e.t.h.RestTemplateLoggingInterceptor   -- CORRELATION_ID=3289ebfc-d87c-4d50-a2f1-50525d6f83af : Sending request to http://localhost:8094/egov-mdms-service/v1/_search with verb POST 
2026-05-21 17:51:17.964+0530  INFO --- [084-exec-3] o.e.t.h.RestTemplateLoggingInterceptor   -- CORRELATION_ID=3289ebfc-d87c-4d50-a2f1-50525d6f83af : Received response from http://localhost:8094/egov-mdms-service/v1/_search 
2026-05-21 17:51:17.976+0530  INFO --- [084-exec-3] o.e.b.p.r.BoundaryRepository             -- CORRELATION_ID=3289ebfc-d87c-4d50-a2f1-50525d6f83af : TIME TAKEN for MDMS Search result = 179ms 
2026-05-21 17:51:18.005+0530  INFO --- [084-exec-3] o.e.b.p.r.BoundaryRepository             -- CORRELATION_ID=3289ebfc-d87c-4d50-a2f1-50525d6f83af : TIME TAKEN for filterBoundaryCodes() = 0ms 
2026-05-21 17:51:18.005+0530  INFO --- [084-exec-3] o.e.b.p.r.BoundaryRepository             -- CORRELATION_ID=3289ebfc-d87c-4d50-a2f1-50525d6f83af : TIME TAKEN for prepareChildBoundaryList() = 0ms 
2026-05-21 17:51:18.006+0530  INFO --- [084-exec-3] o.e.b.p.r.BoundaryRepository             -- CORRELATION_ID=3289ebfc-d87c-4d50-a2f1-50525d6f83af : TIME TAKEN for prepareChildBoundaryList() = 0ms 
2026-05-21 17:51:18.007+0530  INFO --- [084-exec-3] o.e.b.p.r.BoundaryRepository             -- CORRELATION_ID=3289ebfc-d87c-4d50-a2f1-50525d6f83af : TIME TAKEN to process the MDMS search result = 3ms 
2026-05-21 17:51:18.007+0530  INFO --- [084-exec-3] o.e.b.d.s.BoundaryService                -- CORRELATION_ID=3289ebfc-d87c-4d50-a2f1-50525d6f83af : TOTAL TIME TAKEN to fetch boundary = 220ms 
2026-05-21 17:51:18.009+0530  INFO --- [084-exec-3] o.e.b.w.c.LocationBoundaryController     -- CORRELATION_ID=3289ebfc-d87c-4d50-a2f1-50525d6f83af : ToTAL Time Taken In Controller To fetch Boundaries = 225ms 
2026-05-21 17:51:18.076+0530  INFO --- [084-exec-3] o.e.t.h.filters.TracerFilter             -- CORRELATION_ID=3289ebfc-d87c-4d50-a2f1-50525d6f83af : Response code sent: 200 
2026-05-21 17:52:06.573+0530  INFO --- [084-exec-6] o.e.t.h.filters.TracerFilter             -- CORRELATION_ID=c0ef3925-b07a-4510-b918-5411eeb7d62d : Received request URI: http://localhost:8084/egov-location/location/v11/boundarys/_search  
2026-05-21 17:52:06.579+0530  INFO --- [084-exec-6] o.e.t.h.RestTemplateLoggingInterceptor   -- CORRELATION_ID=c0ef3925-b07a-4510-b918-5411eeb7d62d : Sending request to http://localhost:8094/egov-mdms-service/v1/_search with verb POST 
2026-05-21 17:52:06.590+0530  INFO --- [084-exec-6] o.e.t.h.RestTemplateLoggingInterceptor   -- CORRELATION_ID=c0ef3925-b07a-4510-b918-5411eeb7d62d : Received response from http://localhost:8094/egov-mdms-service/v1/_search 
2026-05-21 17:52:06.597+0530  INFO --- [084-exec-6] o.e.b.p.r.BoundaryRepository             -- CORRELATION_ID=c0ef3925-b07a-4510-b918-5411eeb7d62d : TIME TAKEN for MDMS Search result = 18ms 
2026-05-21 17:52:06.607+0530  INFO --- [084-exec-6] o.e.b.p.r.BoundaryRepository             -- CORRELATION_ID=c0ef3925-b07a-4510-b918-5411eeb7d62d : TIME TAKEN for filterBoundaryCodes() = 0ms 
2026-05-21 17:52:06.607+0530  INFO --- [084-exec-6] o.e.b.p.r.BoundaryRepository             -- CORRELATION_ID=c0ef3925-b07a-4510-b918-5411eeb7d62d : TIME TAKEN for prepareChildBoundaryList() = 0ms 
2026-05-21 17:52:06.607+0530  INFO --- [084-exec-6] o.e.b.p.r.BoundaryRepository             -- CORRELATION_ID=c0ef3925-b07a-4510-b918-5411eeb7d62d : TIME TAKEN for prepareChildBoundaryList() = 0ms 
2026-05-21 17:52:06.608+0530  INFO --- [084-exec-6] o.e.b.p.r.BoundaryRepository             -- CORRELATION_ID=c0ef3925-b07a-4510-b918-5411eeb7d62d : TIME TAKEN to process the MDMS search result = 1ms 
2026-05-21 17:52:06.608+0530  INFO --- [084-exec-6] o.e.b.d.s.BoundaryService                -- CORRELATION_ID=c0ef3925-b07a-4510-b918-5411eeb7d62d : TOTAL TIME TAKEN to fetch boundary = 29ms 
2026-05-21 17:52:06.608+0530  INFO --- [084-exec-6] o.e.b.w.c.LocationBoundaryController     -- CORRELATION_ID=c0ef3925-b07a-4510-b918-5411eeb7d62d : ToTAL Time Taken In Controller To fetch Boundaries = 29ms 
2026-05-21 17:52:06.611+0530  INFO --- [084-exec-6] o.e.t.h.filters.TracerFilter             -- CORRELATION_ID=c0ef3925-b07a-4510-b918-5411eeb7d62d : Response code sent: 200 
2026-05-21 17:53:05.528+0530  INFO --- [84-exec-10] o.e.t.h.filters.TracerFilter             -- CORRELATION_ID=358c1f71-8d86-41e7-9c47-e7565c6c9ddf : Received request URI: http://localhost:8084/egov-location/location/v11/boundarys/_search  
2026-05-21 17:53:05.534+0530  INFO --- [84-exec-10] o.e.t.h.RestTemplateLoggingInterceptor   -- CORRELATION_ID=358c1f71-8d86-41e7-9c47-e7565c6c9ddf : Sending request to http://localhost:8094/egov-mdms-service/v1/_search with verb POST 
2026-05-21 17:53:05.542+0530  INFO --- [84-exec-10] o.e.t.h.RestTemplateLoggingInterceptor   -- CORRELATION_ID=358c1f71-8d86-41e7-9c47-e7565c6c9ddf : Received response from http://localhost:8094/egov-mdms-service/v1/_search 
2026-05-21 17:53:05.547+0530  INFO --- [84-exec-10] o.e.b.p.r.BoundaryRepository             -- CORRELATION_ID=358c1f71-8d86-41e7-9c47-e7565c6c9ddf : TIME TAKEN for MDMS Search result = 13ms 
2026-05-21 17:53:05.555+0530  INFO --- [84-exec-10] o.e.b.p.r.BoundaryRepository             -- CORRELATION_ID=358c1f71-8d86-41e7-9c47-e7565c6c9ddf : TIME TAKEN for filterBoundaryCodes() = 0ms 
2026-05-21 17:53:05.555+0530  INFO --- [84-exec-10] o.e.b.p.r.BoundaryRepository             -- CORRELATION_ID=358c1f71-8d86-41e7-9c47-e7565c6c9ddf : TIME TAKEN for prepareChildBoundaryList() = 0ms 
2026-05-21 17:53:05.555+0530  INFO --- [84-exec-10] o.e.b.p.r.BoundaryRepository             -- CORRELATION_ID=358c1f71-8d86-41e7-9c47-e7565c6c9ddf : TIME TAKEN for prepareChildBoundaryList() = 0ms 
2026-05-21 17:53:05.555+0530  INFO --- [84-exec-10] o.e.b.p.r.BoundaryRepository             -- CORRELATION_ID=358c1f71-8d86-41e7-9c47-e7565c6c9ddf : TIME TAKEN to process the MDMS search result = 0ms 
2026-05-21 17:53:05.555+0530  INFO --- [84-exec-10] o.e.b.d.s.BoundaryService                -- CORRELATION_ID=358c1f71-8d86-41e7-9c47-e7565c6c9ddf : TOTAL TIME TAKEN to fetch boundary = 22ms 
2026-05-21 17:53:05.555+0530  INFO --- [84-exec-10] o.e.b.w.c.LocationBoundaryController     -- CORRELATION_ID=358c1f71-8d86-41e7-9c47-e7565c6c9ddf : ToTAL Time Taken In Controller To fetch Boundaries = 22ms 
2026-05-21 17:53:05.558+0530  INFO --- [84-exec-10] o.e.t.h.filters.TracerFilter             -- CORRELATION_ID=358c1f71-8d86-41e7-9c47-e7565c6c9ddf : Response code sent: 200 
2026-05-21 17:53:09.526+0530  INFO --- [084-exec-5] o.e.t.h.filters.TracerFilter             -- CORRELATION_ID=12974085-c781-416c-b874-a440b3d650a1 : Received request URI: http://localhost:8084/egov-location/location/v11/boundarys/_search  
2026-05-21 17:53:09.532+0530  INFO --- [084-exec-5] o.e.t.h.RestTemplateLoggingInterceptor   -- CORRELATION_ID=12974085-c781-416c-b874-a440b3d650a1 : Sending request to http://localhost:8094/egov-mdms-service/v1/_search with verb POST 
2026-05-21 17:53:09.540+0530  INFO --- [084-exec-5] o.e.t.h.RestTemplateLoggingInterceptor   -- CORRELATION_ID=12974085-c781-416c-b874-a440b3d650a1 : Received response from http://localhost:8094/egov-mdms-service/v1/_search 
2026-05-21 17:53:09.544+0530  INFO --- [084-exec-5] o.e.b.p.r.BoundaryRepository             -- CORRELATION_ID=12974085-c781-416c-b874-a440b3d650a1 : TIME TAKEN for MDMS Search result = 13ms 
2026-05-21 17:53:09.553+0530  INFO --- [084-exec-5] o.e.b.p.r.BoundaryRepository             -- CORRELATION_ID=12974085-c781-416c-b874-a440b3d650a1 : TIME TAKEN for filterBoundaryCodes() = 0ms 
2026-05-21 17:53:09.553+0530  INFO --- [084-exec-5] o.e.b.p.r.BoundaryRepository             -- CORRELATION_ID=12974085-c781-416c-b874-a440b3d650a1 : TIME TAKEN for prepareChildBoundaryList() = 0ms 
2026-05-21 17:53:09.554+0530  INFO --- [084-exec-5] o.e.b.p.r.BoundaryRepository             -- CORRELATION_ID=12974085-c781-416c-b874-a440b3d650a1 : TIME TAKEN for prepareChildBoundaryList() = 0ms 
2026-05-21 17:53:09.554+0530  INFO --- [084-exec-5] o.e.b.p.r.BoundaryRepository             -- CORRELATION_ID=12974085-c781-416c-b874-a440b3d650a1 : TIME TAKEN to process the MDMS search result = 1ms 
2026-05-21 17:53:09.554+0530  INFO --- [084-exec-5] o.e.b.d.s.BoundaryService                -- CORRELATION_ID=12974085-c781-416c-b874-a440b3d650a1 : TOTAL TIME TAKEN to fetch boundary = 23ms 
2026-05-21 17:53:09.554+0530  INFO --- [084-exec-5] o.e.b.w.c.LocationBoundaryController     -- CORRELATION_ID=12974085-c781-416c-b874-a440b3d650a1 : ToTAL Time Taken In Controller To fetch Boundaries = 23ms 
2026-05-21 17:53:09.556+0530  INFO --- [084-exec-5] o.e.t.h.filters.TracerFilter             -- CORRELATION_ID=12974085-c781-416c-b874-a440b3d650a1 : Response code sent: 200 
2026-05-21 17:54:38.451+0530  INFO --- [084-exec-8] o.e.t.h.filters.TracerFilter             -- CORRELATION_ID=9c2860a0-aecb-4660-80f4-f5df5021148c : Received request URI: http://localhost:8084/egov-location/location/v11/boundarys/_search  
2026-05-21 17:54:38.457+0530  INFO --- [084-exec-8] o.e.t.h.RestTemplateLoggingInterceptor   -- CORRELATION_ID=9c2860a0-aecb-4660-80f4-f5df5021148c : Sending request to http://localhost:8094/egov-mdms-service/v1/_search with verb POST 
2026-05-21 17:54:38.470+0530  INFO --- [084-exec-8] o.e.t.h.RestTemplateLoggingInterceptor   -- CORRELATION_ID=9c2860a0-aecb-4660-80f4-f5df5021148c : Received response from http://localhost:8094/egov-mdms-service/v1/_search 
2026-05-21 17:54:38.475+0530  INFO --- [084-exec-8] o.e.b.p.r.BoundaryRepository             -- CORRELATION_ID=9c2860a0-aecb-4660-80f4-f5df5021148c : TIME TAKEN for MDMS Search result = 19ms 
2026-05-21 17:54:38.486+0530  INFO --- [084-exec-8] o.e.b.p.r.BoundaryRepository             -- CORRELATION_ID=9c2860a0-aecb-4660-80f4-f5df5021148c : TIME TAKEN for filterBoundaryCodes() = 0ms 
2026-05-21 17:54:38.486+0530  INFO --- [084-exec-8] o.e.b.p.r.BoundaryRepository             -- CORRELATION_ID=9c2860a0-aecb-4660-80f4-f5df5021148c : TIME TAKEN for prepareChildBoundaryList() = 0ms 
2026-05-21 17:54:38.486+0530  INFO --- [084-exec-8] o.e.b.p.r.BoundaryRepository             -- CORRELATION_ID=9c2860a0-aecb-4660-80f4-f5df5021148c : TIME TAKEN for prepareChildBoundaryList() = 0ms 
2026-05-21 17:54:38.486+0530  INFO --- [084-exec-8] o.e.b.p.r.BoundaryRepository             -- CORRELATION_ID=9c2860a0-aecb-4660-80f4-f5df5021148c : TIME TAKEN to process the MDMS search result = 0ms 
2026-05-21 17:54:38.487+0530  INFO --- [084-exec-8] o.e.b.d.s.BoundaryService                -- CORRELATION_ID=9c2860a0-aecb-4660-80f4-f5df5021148c : TOTAL TIME TAKEN to fetch boundary = 31ms 
2026-05-21 17:54:38.487+0530  INFO --- [084-exec-8] o.e.b.w.c.LocationBoundaryController     -- CORRELATION_ID=9c2860a0-aecb-4660-80f4-f5df5021148c : ToTAL Time Taken In Controller To fetch Boundaries = 31ms 
2026-05-21 17:54:38.490+0530  INFO --- [084-exec-8] o.e.t.h.filters.TracerFilter             -- CORRELATION_ID=9c2860a0-aecb-4660-80f4-f5df5021148c : Response code sent: 200 
2026-05-21 17:54:42.315+0530  INFO --- [084-exec-7] o.e.t.h.filters.TracerFilter             -- CORRELATION_ID=b7e8eeb2-f1d6-4219-a87e-e3b5791ddfac : Received request URI: http://localhost:8084/egov-location/location/v11/boundarys/_search  
2026-05-21 17:54:42.321+0530  INFO --- [084-exec-7] o.e.t.h.RestTemplateLoggingInterceptor   -- CORRELATION_ID=b7e8eeb2-f1d6-4219-a87e-e3b5791ddfac : Sending request to http://localhost:8094/egov-mdms-service/v1/_search with verb POST 
2026-05-21 17:54:42.328+0530  INFO --- [084-exec-7] o.e.t.h.RestTemplateLoggingInterceptor   -- CORRELATION_ID=b7e8eeb2-f1d6-4219-a87e-e3b5791ddfac : Received response from http://localhost:8094/egov-mdms-service/v1/_search 
2026-05-21 17:54:42.331+0530  INFO --- [084-exec-7] o.e.b.p.r.BoundaryRepository             -- CORRELATION_ID=b7e8eeb2-f1d6-4219-a87e-e3b5791ddfac : TIME TAKEN for MDMS Search result = 13ms 
2026-05-21 17:54:42.342+0530  INFO --- [084-exec-7] o.e.b.p.r.BoundaryRepository             -- CORRELATION_ID=b7e8eeb2-f1d6-4219-a87e-e3b5791ddfac : TIME TAKEN for filterBoundaryCodes() = 0ms 
2026-05-21 17:54:42.343+0530  INFO --- [084-exec-7] o.e.b.p.r.BoundaryRepository             -- CORRELATION_ID=b7e8eeb2-f1d6-4219-a87e-e3b5791ddfac : TIME TAKEN for prepareChildBoundaryList() = 0ms 
2026-05-21 17:54:42.344+0530  INFO --- [084-exec-7] o.e.b.p.r.BoundaryRepository             -- CORRELATION_ID=b7e8eeb2-f1d6-4219-a87e-e3b5791ddfac : TIME TAKEN for prepareChildBoundaryList() = 1ms 
2026-05-21 17:54:42.344+0530  INFO --- [084-exec-7] o.e.b.p.r.BoundaryRepository             -- CORRELATION_ID=b7e8eeb2-f1d6-4219-a87e-e3b5791ddfac : TIME TAKEN to process the MDMS search result = 2ms 
2026-05-21 17:54:42.345+0530  INFO --- [084-exec-7] o.e.b.d.s.BoundaryService                -- CORRELATION_ID=b7e8eeb2-f1d6-4219-a87e-e3b5791ddfac : TOTAL TIME TAKEN to fetch boundary = 26ms 
2026-05-21 17:54:42.345+0530  INFO --- [084-exec-7] o.e.b.w.c.LocationBoundaryController     -- CORRELATION_ID=b7e8eeb2-f1d6-4219-a87e-e3b5791ddfac : ToTAL Time Taken In Controller To fetch Boundaries = 27ms 
2026-05-21 17:54:42.347+0530  INFO --- [084-exec-7] o.e.t.h.filters.TracerFilter             -- CORRELATION_ID=b7e8eeb2-f1d6-4219-a87e-e3b5791ddfac : Response code sent: 200 
2026-05-21 17:56:22.693+0530  INFO --- [084-exec-1] o.e.t.h.filters.TracerFilter             -- CORRELATION_ID=3c16d542-892f-4464-93c0-2e0fc061eb56 : Received request URI: http://localhost:8084/egov-location/location/v11/boundarys/_search  
2026-05-21 17:56:22.705+0530  INFO --- [084-exec-1] o.e.t.h.RestTemplateLoggingInterceptor   -- CORRELATION_ID=3c16d542-892f-4464-93c0-2e0fc061eb56 : Sending request to http://localhost:8094/egov-mdms-service/v1/_search with verb POST 
2026-05-21 17:56:22.714+0530  INFO --- [084-exec-1] o.e.t.h.RestTemplateLoggingInterceptor   -- CORRELATION_ID=3c16d542-892f-4464-93c0-2e0fc061eb56 : Received response from http://localhost:8094/egov-mdms-service/v1/_search 
2026-05-21 17:56:22.718+0530  INFO --- [084-exec-1] o.e.b.p.r.BoundaryRepository             -- CORRELATION_ID=3c16d542-892f-4464-93c0-2e0fc061eb56 : TIME TAKEN for MDMS Search result = 15ms 
2026-05-21 17:56:22.732+0530  INFO --- [084-exec-1] o.e.b.p.r.BoundaryRepository             -- CORRELATION_ID=3c16d542-892f-4464-93c0-2e0fc061eb56 : TIME TAKEN for filterBoundaryCodes() = 0ms 
2026-05-21 17:56:22.733+0530  INFO --- [084-exec-1] o.e.b.p.r.BoundaryRepository             -- CORRELATION_ID=3c16d542-892f-4464-93c0-2e0fc061eb56 : TIME TAKEN for prepareChildBoundaryList() = 1ms 
2026-05-21 17:56:22.733+0530  INFO --- [084-exec-1] o.e.b.p.r.BoundaryRepository             -- CORRELATION_ID=3c16d542-892f-4464-93c0-2e0fc061eb56 : TIME TAKEN for prepareChildBoundaryList() = 0ms 
2026-05-21 17:56:22.733+0530  INFO --- [084-exec-1] o.e.b.p.r.BoundaryRepository             -- CORRELATION_ID=3c16d542-892f-4464-93c0-2e0fc061eb56 : TIME TAKEN to process the MDMS search result = 1ms 
2026-05-21 17:56:22.734+0530  INFO --- [084-exec-1] o.e.b.d.s.BoundaryService                -- CORRELATION_ID=3c16d542-892f-4464-93c0-2e0fc061eb56 : TOTAL TIME TAKEN to fetch boundary = 31ms 
2026-05-21 17:56:22.734+0530  INFO --- [084-exec-1] o.e.b.w.c.LocationBoundaryController     -- CORRELATION_ID=3c16d542-892f-4464-93c0-2e0fc061eb56 : ToTAL Time Taken In Controller To fetch Boundaries = 31ms 
2026-05-21 17:56:22.737+0530  INFO --- [084-exec-1] o.e.t.h.filters.TracerFilter             -- CORRELATION_ID=3c16d542-892f-4464-93c0-2e0fc061eb56 : Response code sent: 200 
2026-05-21 17:56:26.501+0530  INFO --- [084-exec-4] o.e.t.h.filters.TracerFilter             -- CORRELATION_ID=7118e281-c683-4df3-9461-3343849321ce : Received request URI: http://localhost:8084/egov-location/location/v11/boundarys/_search  
2026-05-21 17:56:26.507+0530  INFO --- [084-exec-4] o.e.t.h.RestTemplateLoggingInterceptor   -- CORRELATION_ID=7118e281-c683-4df3-9461-3343849321ce : Sending request to http://localhost:8094/egov-mdms-service/v1/_search with verb POST 
2026-05-21 17:56:26.516+0530  INFO --- [084-exec-4] o.e.t.h.RestTemplateLoggingInterceptor   -- CORRELATION_ID=7118e281-c683-4df3-9461-3343849321ce : Received response from http://localhost:8094/egov-mdms-service/v1/_search 
2026-05-21 17:56:26.520+0530  INFO --- [084-exec-4] o.e.b.p.r.BoundaryRepository             -- CORRELATION_ID=7118e281-c683-4df3-9461-3343849321ce : TIME TAKEN for MDMS Search result = 14ms 
2026-05-21 17:56:26.531+0530  INFO --- [084-exec-4] o.e.b.p.r.BoundaryRepository             -- CORRELATION_ID=7118e281-c683-4df3-9461-3343849321ce : TIME TAKEN for filterBoundaryCodes() = 0ms 
2026-05-21 17:56:26.531+0530  INFO --- [084-exec-4] o.e.b.p.r.BoundaryRepository             -- CORRELATION_ID=7118e281-c683-4df3-9461-3343849321ce : TIME TAKEN for prepareChildBoundaryList() = 0ms 
2026-05-21 17:56:26.532+0530  INFO --- [084-exec-4] o.e.b.p.r.BoundaryRepository             -- CORRELATION_ID=7118e281-c683-4df3-9461-3343849321ce : TIME TAKEN for prepareChildBoundaryList() = 1ms 
2026-05-21 17:56:26.532+0530  INFO --- [084-exec-4] o.e.b.p.r.BoundaryRepository             -- CORRELATION_ID=7118e281-c683-4df3-9461-3343849321ce : TIME TAKEN to process the MDMS search result = 1ms 
2026-05-21 17:56:26.532+0530  INFO --- [084-exec-4] o.e.b.d.s.BoundaryService                -- CORRELATION_ID=7118e281-c683-4df3-9461-3343849321ce : TOTAL TIME TAKEN to fetch boundary = 26ms 
2026-05-21 17:56:26.532+0530  INFO --- [084-exec-4] o.e.b.w.c.LocationBoundaryController     -- CORRELATION_ID=7118e281-c683-4df3-9461-3343849321ce : ToTAL Time Taken In Controller To fetch Boundaries = 26ms 
2026-05-21 17:56:26.541+0530  INFO --- [084-exec-4] o.e.t.h.filters.TracerFilter             -- CORRELATION_ID=7118e281-c683-4df3-9461-3343849321ce : Response code sent: 200 
2026-05-21 17:58:07.665+0530  INFO --- [084-exec-6] o.e.t.h.filters.TracerFilter             -- CORRELATION_ID=745a3ddf-0818-4719-a4f7-7fb4ba3ad0bb : Received request URI: http://localhost:8084/egov-location/location/v11/boundarys/_search  
2026-05-21 17:58:07.670+0530  INFO --- [084-exec-6] o.e.t.h.RestTemplateLoggingInterceptor   -- CORRELATION_ID=745a3ddf-0818-4719-a4f7-7fb4ba3ad0bb : Sending request to http://localhost:8094/egov-mdms-service/v1/_search with verb POST 
2026-05-21 17:58:07.678+0530  INFO --- [084-exec-6] o.e.t.h.RestTemplateLoggingInterceptor   -- CORRELATION_ID=745a3ddf-0818-4719-a4f7-7fb4ba3ad0bb : Received response from http://localhost:8094/egov-mdms-service/v1/_search 
2026-05-21 17:58:07.682+0530  INFO --- [084-exec-6] o.e.b.p.r.BoundaryRepository             -- CORRELATION_ID=745a3ddf-0818-4719-a4f7-7fb4ba3ad0bb : TIME TAKEN for MDMS Search result = 12ms 
2026-05-21 17:58:07.691+0530  INFO --- [084-exec-6] o.e.b.p.r.BoundaryRepository             -- CORRELATION_ID=745a3ddf-0818-4719-a4f7-7fb4ba3ad0bb : TIME TAKEN for filterBoundaryCodes() = 0ms 
2026-05-21 17:58:07.691+0530  INFO --- [084-exec-6] o.e.b.p.r.BoundaryRepository             -- CORRELATION_ID=745a3ddf-0818-4719-a4f7-7fb4ba3ad0bb : TIME TAKEN for prepareChildBoundaryList() = 0ms 
2026-05-21 17:58:07.691+0530  INFO --- [084-exec-6] o.e.b.p.r.BoundaryRepository             -- CORRELATION_ID=745a3ddf-0818-4719-a4f7-7fb4ba3ad0bb : TIME TAKEN for prepareChildBoundaryList() = 0ms 
2026-05-21 17:58:07.692+0530  INFO --- [084-exec-6] o.e.b.p.r.BoundaryRepository             -- CORRELATION_ID=745a3ddf-0818-4719-a4f7-7fb4ba3ad0bb : TIME TAKEN to process the MDMS search result = 1ms 
2026-05-21 17:58:07.692+0530  INFO --- [084-exec-6] o.e.b.d.s.BoundaryService                -- CORRELATION_ID=745a3ddf-0818-4719-a4f7-7fb4ba3ad0bb : TOTAL TIME TAKEN to fetch boundary = 23ms 
2026-05-21 17:58:07.692+0530  INFO --- [084-exec-6] o.e.b.w.c.LocationBoundaryController     -- CORRELATION_ID=745a3ddf-0818-4719-a4f7-7fb4ba3ad0bb : ToTAL Time Taken In Controller To fetch Boundaries = 23ms 
2026-05-21 17:58:07.694+0530  INFO --- [084-exec-6] o.e.t.h.filters.TracerFilter             -- CORRELATION_ID=745a3ddf-0818-4719-a4f7-7fb4ba3ad0bb : Response code sent: 200 
2026-05-21 17:58:11.358+0530  INFO --- [84-exec-10] o.e.t.h.filters.TracerFilter             -- CORRELATION_ID=ab32d461-b2c8-4920-b3c4-0f51d00e53c1 : Received request URI: http://localhost:8084/egov-location/location/v11/boundarys/_search  
2026-05-21 17:58:11.364+0530  INFO --- [84-exec-10] o.e.t.h.RestTemplateLoggingInterceptor   -- CORRELATION_ID=ab32d461-b2c8-4920-b3c4-0f51d00e53c1 : Sending request to http://localhost:8094/egov-mdms-service/v1/_search with verb POST 
2026-05-21 17:58:11.372+0530  INFO --- [84-exec-10] o.e.t.h.RestTemplateLoggingInterceptor   -- CORRELATION_ID=ab32d461-b2c8-4920-b3c4-0f51d00e53c1 : Received response from http://localhost:8094/egov-mdms-service/v1/_search 
2026-05-21 17:58:11.375+0530  INFO --- [84-exec-10] o.e.b.p.r.BoundaryRepository             -- CORRELATION_ID=ab32d461-b2c8-4920-b3c4-0f51d00e53c1 : TIME TAKEN for MDMS Search result = 12ms 
2026-05-21 17:58:11.386+0530  INFO --- [84-exec-10] o.e.b.p.r.BoundaryRepository             -- CORRELATION_ID=ab32d461-b2c8-4920-b3c4-0f51d00e53c1 : TIME TAKEN for filterBoundaryCodes() = 0ms 
2026-05-21 17:58:11.386+0530  INFO --- [84-exec-10] o.e.b.p.r.BoundaryRepository             -- CORRELATION_ID=ab32d461-b2c8-4920-b3c4-0f51d00e53c1 : TIME TAKEN for prepareChildBoundaryList() = 0ms 
2026-05-21 17:58:11.386+0530  INFO --- [84-exec-10] o.e.b.p.r.BoundaryRepository             -- CORRELATION_ID=ab32d461-b2c8-4920-b3c4-0f51d00e53c1 : TIME TAKEN for prepareChildBoundaryList() = 0ms 
2026-05-21 17:58:11.387+0530  INFO --- [84-exec-10] o.e.b.p.r.BoundaryRepository             -- CORRELATION_ID=ab32d461-b2c8-4920-b3c4-0f51d00e53c1 : TIME TAKEN to process the MDMS search result = 1ms 
2026-05-21 17:58:11.388+0530  INFO --- [84-exec-10] o.e.b.d.s.BoundaryService                -- CORRELATION_ID=ab32d461-b2c8-4920-b3c4-0f51d00e53c1 : TOTAL TIME TAKEN to fetch boundary = 25ms 
2026-05-21 17:58:11.388+0530  INFO --- [84-exec-10] o.e.b.w.c.LocationBoundaryController     -- CORRELATION_ID=ab32d461-b2c8-4920-b3c4-0f51d00e53c1 : ToTAL Time Taken In Controller To fetch Boundaries = 25ms 
2026-05-21 17:58:11.391+0530  INFO --- [84-exec-10] o.e.t.h.filters.TracerFilter             -- CORRELATION_ID=ab32d461-b2c8-4920-b3c4-0f51d00e53c1 : Response code sent: 200 
2026-05-21 18:02:02.510+0530  INFO --- [084-exec-9] o.e.t.h.filters.TracerFilter             -- CORRELATION_ID=8264f888-fae4-40d6-a05b-a12efb4ff806 : Received request URI: http://localhost:8084/egov-location/location/v11/boundarys/_search  
2026-05-21 18:02:02.738+0530  INFO --- [084-exec-9] o.e.t.h.RestTemplateLoggingInterceptor   -- CORRELATION_ID=8264f888-fae4-40d6-a05b-a12efb4ff806 : Sending request to http://localhost:8094/egov-mdms-service/v1/_search with verb POST 
2026-05-21 18:02:02.764+0530  INFO --- [084-exec-9] o.e.t.h.RestTemplateLoggingInterceptor   -- CORRELATION_ID=8264f888-fae4-40d6-a05b-a12efb4ff806 : Received response from http://localhost:8094/egov-mdms-service/v1/_search 
2026-05-21 18:02:02.775+0530  INFO --- [084-exec-9] o.e.b.p.r.BoundaryRepository             -- CORRELATION_ID=8264f888-fae4-40d6-a05b-a12efb4ff806 : TIME TAKEN for MDMS Search result = 53ms 
2026-05-21 18:02:02.815+0530  INFO --- [084-exec-9] o.e.b.p.r.BoundaryRepository             -- CORRELATION_ID=8264f888-fae4-40d6-a05b-a12efb4ff806 : TIME TAKEN for filterBoundaryCodes() = 0ms 
2026-05-21 18:02:02.815+0530  INFO --- [084-exec-9] o.e.b.p.r.BoundaryRepository             -- CORRELATION_ID=8264f888-fae4-40d6-a05b-a12efb4ff806 : TIME TAKEN for prepareChildBoundaryList() = 0ms 
2026-05-21 18:02:02.815+0530  INFO --- [084-exec-9] o.e.b.p.r.BoundaryRepository             -- CORRELATION_ID=8264f888-fae4-40d6-a05b-a12efb4ff806 : TIME TAKEN for prepareChildBoundaryList() = 0ms 
2026-05-21 18:02:02.816+0530  INFO --- [084-exec-9] o.e.b.p.r.BoundaryRepository             -- CORRELATION_ID=8264f888-fae4-40d6-a05b-a12efb4ff806 : TIME TAKEN to process the MDMS search result = 1ms 
2026-05-21 18:02:02.816+0530  INFO --- [084-exec-9] o.e.b.d.s.BoundaryService                -- CORRELATION_ID=8264f888-fae4-40d6-a05b-a12efb4ff806 : TOTAL TIME TAKEN to fetch boundary = 99ms 
2026-05-21 18:02:02.816+0530  INFO --- [084-exec-9] o.e.b.w.c.LocationBoundaryController     -- CORRELATION_ID=8264f888-fae4-40d6-a05b-a12efb4ff806 : ToTAL Time Taken In Controller To fetch Boundaries = 99ms 
2026-05-21 18:02:02.829+0530  INFO --- [084-exec-9] o.e.t.h.filters.TracerFilter             -- CORRELATION_ID=8264f888-fae4-40d6-a05b-a12efb4ff806 : Response code sent: 200 
2026-05-21 18:02:08.038+0530  INFO --- [084-exec-8] o.e.t.h.filters.TracerFilter             -- CORRELATION_ID=c53e008c-f40e-4420-bec6-824ed5c6816a : Received request URI: http://localhost:8084/egov-location/location/v11/boundarys/_search  
2026-05-21 18:02:08.045+0530  INFO --- [084-exec-8] o.e.t.h.RestTemplateLoggingInterceptor   -- CORRELATION_ID=c53e008c-f40e-4420-bec6-824ed5c6816a : Sending request to http://localhost:8094/egov-mdms-service/v1/_search with verb POST 
2026-05-21 18:02:08.059+0530  INFO --- [084-exec-8] o.e.t.h.RestTemplateLoggingInterceptor   -- CORRELATION_ID=c53e008c-f40e-4420-bec6-824ed5c6816a : Received response from http://localhost:8094/egov-mdms-service/v1/_search 
2026-05-21 18:02:08.063+0530  INFO --- [084-exec-8] o.e.b.p.r.BoundaryRepository             -- CORRELATION_ID=c53e008c-f40e-4420-bec6-824ed5c6816a : TIME TAKEN for MDMS Search result = 19ms 
2026-05-21 18:02:08.079+0530  INFO --- [084-exec-8] o.e.b.p.r.BoundaryRepository             -- CORRELATION_ID=c53e008c-f40e-4420-bec6-824ed5c6816a : TIME TAKEN for filterBoundaryCodes() = 0ms 
2026-05-21 18:02:08.080+0530  INFO --- [084-exec-8] o.e.b.p.r.BoundaryRepository             -- CORRELATION_ID=c53e008c-f40e-4420-bec6-824ed5c6816a : TIME TAKEN for prepareChildBoundaryList() = 0ms 
2026-05-21 18:02:08.080+0530  INFO --- [084-exec-8] o.e.b.p.r.BoundaryRepository             -- CORRELATION_ID=c53e008c-f40e-4420-bec6-824ed5c6816a : TIME TAKEN for prepareChildBoundaryList() = 0ms 
2026-05-21 18:02:08.080+0530  INFO --- [084-exec-8] o.e.b.p.r.BoundaryRepository             -- CORRELATION_ID=c53e008c-f40e-4420-bec6-824ed5c6816a : TIME TAKEN to process the MDMS search result = 1ms 
2026-05-21 18:02:08.081+0530  INFO --- [084-exec-8] o.e.b.d.s.BoundaryService                -- CORRELATION_ID=c53e008c-f40e-4420-bec6-824ed5c6816a : TOTAL TIME TAKEN to fetch boundary = 37ms 
2026-05-21 18:02:08.081+0530  INFO --- [084-exec-8] o.e.b.w.c.LocationBoundaryController     -- CORRELATION_ID=c53e008c-f40e-4420-bec6-824ed5c6816a : ToTAL Time Taken In Controller To fetch Boundaries = 37ms 
2026-05-21 18:02:08.084+0530  INFO --- [084-exec-8] o.e.t.h.filters.TracerFilter             -- CORRELATION_ID=c53e008c-f40e-4420-bec6-824ed5c6816a : Response code sent: 200 
2026-05-21 18:03:14.515+0530  INFO --- [084-exec-2] o.e.t.h.filters.TracerFilter             -- CORRELATION_ID=8b858100-c07a-45a2-85ac-c68646573e95 : Received request URI: http://localhost:8084/egov-location/location/v11/boundarys/_search  
2026-05-21 18:03:14.523+0530  INFO --- [084-exec-2] o.e.t.h.RestTemplateLoggingInterceptor   -- CORRELATION_ID=8b858100-c07a-45a2-85ac-c68646573e95 : Sending request to http://localhost:8094/egov-mdms-service/v1/_search with verb POST 
2026-05-21 18:03:14.531+0530  INFO --- [084-exec-2] o.e.t.h.RestTemplateLoggingInterceptor   -- CORRELATION_ID=8b858100-c07a-45a2-85ac-c68646573e95 : Received response from http://localhost:8094/egov-mdms-service/v1/_search 
2026-05-21 18:03:14.534+0530  INFO --- [084-exec-2] o.e.b.p.r.BoundaryRepository             -- CORRELATION_ID=8b858100-c07a-45a2-85ac-c68646573e95 : TIME TAKEN for MDMS Search result = 13ms 
2026-05-21 18:03:14.543+0530  INFO --- [084-exec-2] o.e.b.p.r.BoundaryRepository             -- CORRELATION_ID=8b858100-c07a-45a2-85ac-c68646573e95 : TIME TAKEN for filterBoundaryCodes() = 0ms 
2026-05-21 18:03:14.544+0530  INFO --- [084-exec-2] o.e.b.p.r.BoundaryRepository             -- CORRELATION_ID=8b858100-c07a-45a2-85ac-c68646573e95 : TIME TAKEN for prepareChildBoundaryList() = 0ms 
2026-05-21 18:03:14.546+0530  INFO --- [084-exec-2] o.e.b.p.r.BoundaryRepository             -- CORRELATION_ID=8b858100-c07a-45a2-85ac-c68646573e95 : TIME TAKEN for prepareChildBoundaryList() = 1ms 
2026-05-21 18:03:14.546+0530  INFO --- [084-exec-2] o.e.b.p.r.BoundaryRepository             -- CORRELATION_ID=8b858100-c07a-45a2-85ac-c68646573e95 : TIME TAKEN to process the MDMS search result = 3ms 
2026-05-21 18:03:14.546+0530  INFO --- [084-exec-2] o.e.b.d.s.BoundaryService                -- CORRELATION_ID=8b858100-c07a-45a2-85ac-c68646573e95 : TOTAL TIME TAKEN to fetch boundary = 25ms 
2026-05-21 18:03:14.546+0530  INFO --- [084-exec-2] o.e.b.w.c.LocationBoundaryController     -- CORRELATION_ID=8b858100-c07a-45a2-85ac-c68646573e95 : ToTAL Time Taken In Controller To fetch Boundaries = 25ms 
2026-05-21 18:03:14.547+0530  INFO --- [084-exec-2] o.e.t.h.filters.TracerFilter             -- CORRELATION_ID=8b858100-c07a-45a2-85ac-c68646573e95 : Response code sent: 200 
2026-05-21 18:03:18.302+0530  INFO --- [084-exec-1] o.e.t.h.filters.TracerFilter             -- CORRELATION_ID=12a05881-5c44-42bf-95b6-f200f65562c7 : Received request URI: http://localhost:8084/egov-location/location/v11/boundarys/_search  
2026-05-21 18:03:18.308+0530  INFO --- [084-exec-1] o.e.t.h.RestTemplateLoggingInterceptor   -- CORRELATION_ID=12a05881-5c44-42bf-95b6-f200f65562c7 : Sending request to http://localhost:8094/egov-mdms-service/v1/_search with verb POST 
2026-05-21 18:03:18.320+0530  INFO --- [084-exec-1] o.e.t.h.RestTemplateLoggingInterceptor   -- CORRELATION_ID=12a05881-5c44-42bf-95b6-f200f65562c7 : Received response from http://localhost:8094/egov-mdms-service/v1/_search 
2026-05-21 18:03:18.321+0530  INFO --- [084-exec-1] o.e.b.p.r.BoundaryRepository             -- CORRELATION_ID=12a05881-5c44-42bf-95b6-f200f65562c7 : TIME TAKEN for MDMS Search result = 14ms 
2026-05-21 18:03:18.330+0530  INFO --- [084-exec-1] o.e.b.p.r.BoundaryRepository             -- CORRELATION_ID=12a05881-5c44-42bf-95b6-f200f65562c7 : TIME TAKEN for filterBoundaryCodes() = 0ms 
2026-05-21 18:03:18.331+0530  INFO --- [084-exec-1] o.e.b.p.r.BoundaryRepository             -- CORRELATION_ID=12a05881-5c44-42bf-95b6-f200f65562c7 : TIME TAKEN for prepareChildBoundaryList() = 0ms 
2026-05-21 18:03:18.331+0530  INFO --- [084-exec-1] o.e.b.p.r.BoundaryRepository             -- CORRELATION_ID=12a05881-5c44-42bf-95b6-f200f65562c7 : TIME TAKEN for prepareChildBoundaryList() = 0ms 
2026-05-21 18:03:18.331+0530  INFO --- [084-exec-1] o.e.b.p.r.BoundaryRepository             -- CORRELATION_ID=12a05881-5c44-42bf-95b6-f200f65562c7 : TIME TAKEN to process the MDMS search result = 1ms 
2026-05-21 18:03:18.331+0530  INFO --- [084-exec-1] o.e.b.d.s.BoundaryService                -- CORRELATION_ID=12a05881-5c44-42bf-95b6-f200f65562c7 : TOTAL TIME TAKEN to fetch boundary = 24ms 
2026-05-21 18:03:18.331+0530  INFO --- [084-exec-1] o.e.b.w.c.LocationBoundaryController     -- CORRELATION_ID=12a05881-5c44-42bf-95b6-f200f65562c7 : ToTAL Time Taken In Controller To fetch Boundaries = 24ms 
2026-05-21 18:03:18.333+0530  INFO --- [084-exec-1] o.e.t.h.filters.TracerFilter             -- CORRELATION_ID=12a05881-5c44-42bf-95b6-f200f65562c7 : Response code sent: 200 
2026-05-21 18:04:22.045+0530  INFO --- [084-exec-3] o.e.t.h.filters.TracerFilter             -- CORRELATION_ID=8cba6d48-01cc-4d6b-abd6-7c4a1849aed2 : Received request URI: http://localhost:8084/egov-location/location/v11/boundarys/_search  
2026-05-21 18:04:22.052+0530  INFO --- [084-exec-3] o.e.t.h.RestTemplateLoggingInterceptor   -- CORRELATION_ID=8cba6d48-01cc-4d6b-abd6-7c4a1849aed2 : Sending request to http://localhost:8094/egov-mdms-service/v1/_search with verb POST 
2026-05-21 18:04:22.062+0530  INFO --- [084-exec-3] o.e.t.h.RestTemplateLoggingInterceptor   -- CORRELATION_ID=8cba6d48-01cc-4d6b-abd6-7c4a1849aed2 : Received response from http://localhost:8094/egov-mdms-service/v1/_search 
2026-05-21 18:04:22.064+0530  INFO --- [084-exec-3] o.e.b.p.r.BoundaryRepository             -- CORRELATION_ID=8cba6d48-01cc-4d6b-abd6-7c4a1849aed2 : TIME TAKEN for MDMS Search result = 13ms 
2026-05-21 18:04:22.074+0530  INFO --- [084-exec-3] o.e.b.p.r.BoundaryRepository             -- CORRELATION_ID=8cba6d48-01cc-4d6b-abd6-7c4a1849aed2 : TIME TAKEN for filterBoundaryCodes() = 0ms 
2026-05-21 18:04:22.074+0530  INFO --- [084-exec-3] o.e.b.p.r.BoundaryRepository             -- CORRELATION_ID=8cba6d48-01cc-4d6b-abd6-7c4a1849aed2 : TIME TAKEN for prepareChildBoundaryList() = 0ms 
2026-05-21 18:04:22.074+0530  INFO --- [084-exec-3] o.e.b.p.r.BoundaryRepository             -- CORRELATION_ID=8cba6d48-01cc-4d6b-abd6-7c4a1849aed2 : TIME TAKEN for prepareChildBoundaryList() = 0ms 
2026-05-21 18:04:22.074+0530  INFO --- [084-exec-3] o.e.b.p.r.BoundaryRepository             -- CORRELATION_ID=8cba6d48-01cc-4d6b-abd6-7c4a1849aed2 : TIME TAKEN to process the MDMS search result = 0ms 
2026-05-21 18:04:22.075+0530  INFO --- [084-exec-3] o.e.b.d.s.BoundaryService                -- CORRELATION_ID=8cba6d48-01cc-4d6b-abd6-7c4a1849aed2 : TOTAL TIME TAKEN to fetch boundary = 24ms 
2026-05-21 18:04:22.075+0530  INFO --- [084-exec-3] o.e.b.w.c.LocationBoundaryController     -- CORRELATION_ID=8cba6d48-01cc-4d6b-abd6-7c4a1849aed2 : ToTAL Time Taken In Controller To fetch Boundaries = 24ms 
2026-05-21 18:04:22.076+0530  INFO --- [084-exec-3] o.e.t.h.filters.TracerFilter             -- CORRELATION_ID=8cba6d48-01cc-4d6b-abd6-7c4a1849aed2 : Response code sent: 200 
2026-05-21 18:04:25.803+0530  INFO --- [084-exec-6] o.e.t.h.filters.TracerFilter             -- CORRELATION_ID=564b7491-f145-4d00-a94c-22da0ed7afb9 : Received request URI: http://localhost:8084/egov-location/location/v11/boundarys/_search  
2026-05-21 18:04:25.847+0530  INFO --- [084-exec-6] o.e.t.h.RestTemplateLoggingInterceptor   -- CORRELATION_ID=564b7491-f145-4d00-a94c-22da0ed7afb9 : Sending request to http://localhost:8094/egov-mdms-service/v1/_search with verb POST 
2026-05-21 18:04:25.857+0530  INFO --- [084-exec-6] o.e.t.h.RestTemplateLoggingInterceptor   -- CORRELATION_ID=564b7491-f145-4d00-a94c-22da0ed7afb9 : Received response from http://localhost:8094/egov-mdms-service/v1/_search 
2026-05-21 18:04:25.862+0530  INFO --- [084-exec-6] o.e.b.p.r.BoundaryRepository             -- CORRELATION_ID=564b7491-f145-4d00-a94c-22da0ed7afb9 : TIME TAKEN for MDMS Search result = 34ms 
2026-05-21 18:04:25.879+0530  INFO --- [084-exec-6] o.e.b.p.r.BoundaryRepository             -- CORRELATION_ID=564b7491-f145-4d00-a94c-22da0ed7afb9 : TIME TAKEN for filterBoundaryCodes() = 0ms 
2026-05-21 18:04:25.879+0530  INFO --- [084-exec-6] o.e.b.p.r.BoundaryRepository             -- CORRELATION_ID=564b7491-f145-4d00-a94c-22da0ed7afb9 : TIME TAKEN for prepareChildBoundaryList() = 0ms 
2026-05-21 18:04:25.880+0530  INFO --- [084-exec-6] o.e.b.p.r.BoundaryRepository             -- CORRELATION_ID=564b7491-f145-4d00-a94c-22da0ed7afb9 : TIME TAKEN for prepareChildBoundaryList() = 0ms 
2026-05-21 18:04:25.880+0530  INFO --- [084-exec-6] o.e.b.p.r.BoundaryRepository             -- CORRELATION_ID=564b7491-f145-4d00-a94c-22da0ed7afb9 : TIME TAKEN to process the MDMS search result = 1ms 
2026-05-21 18:04:25.880+0530  INFO --- [084-exec-6] o.e.b.d.s.BoundaryService                -- CORRELATION_ID=564b7491-f145-4d00-a94c-22da0ed7afb9 : TOTAL TIME TAKEN to fetch boundary = 53ms 
2026-05-21 18:04:25.880+0530  INFO --- [084-exec-6] o.e.b.w.c.LocationBoundaryController     -- CORRELATION_ID=564b7491-f145-4d00-a94c-22da0ed7afb9 : ToTAL Time Taken In Controller To fetch Boundaries = 53ms 
2026-05-21 18:04:25.892+0530  INFO --- [084-exec-6] o.e.t.h.filters.TracerFilter             -- CORRELATION_ID=564b7491-f145-4d00-a94c-22da0ed7afb9 : Response code sent: 200 
