
  .   ____          _            __ _ _
 /\\ / ___'_ __ _ _(_)_ __  __ _ \ \ \ \
( ( )\___ | '_ | '_| | '_ \/ _` | \ \ \ \
 \\/  ___)| |_)| | | | | || (_| |  ) ) ) )
  '  |____| .__|_| |_|_| |_\__, | / / / /
 =========|_|==============|___/=/_/_/_/
 :: Spring Boot ::        (v2.2.6.RELEASE)

2026-05-21 17:19:03.221+0530  INFO --- [      main] org.egov.ApportionApp                    --  : Starting ApportionApp v1.1.5-SNAPSHOT on LAPTOP-Q2EQEE4F with PID 38512 (C:\Users\Aditya\Downloads\DIGIT-OSS-master\municipal-services-go\egov-apportion-service\target\egov-apportion-service-1.1.5-SNAPSHOT.jar started by Aditya in C:\Users\Aditya\Downloads\DIGIT-OSS-master\municipal-services-go\local-deploy) 
2026-05-21 17:19:03.235+0530  INFO --- [      main] org.egov.ApportionApp                    --  : No active profile set, falling back to default profiles: default 
2026-05-21 17:19:10.995+0530  INFO --- [      main] o.s.b.w.e.t.TomcatWebServer              --  : Tomcat initialized with port(s): 8204 (http) 
2026-05-21 17:19:11.018+0530  INFO --- [      main] o.a.c.core.StandardService               --  : Starting service [Tomcat] 
2026-05-21 17:19:11.019+0530  INFO --- [      main] o.a.c.core.StandardEngine                --  : Starting Servlet engine: [Apache Tomcat/9.0.33] 
2026-05-21 17:19:11.194+0530  INFO --- [      main] o.a.c.c.C.[.[.[/apportion-service]       --  : Initializing Spring embedded WebApplicationContext 
2026-05-21 17:19:11.194+0530  INFO --- [      main] o.s.web.context.ContextLoader            --  : Root WebApplicationContext: initialization completed in 7828 ms 
2026-05-21 17:19:11.350+0530  INFO --- [      main] o.c.s.w.s.ServerTracingAutoConfiguration --  : Creating FilterRegistrationBean bean with TracingFilter mapped to [/*], skip pattern is "/api-docs.*|/autoconfig|/configprops|/dump|/health|/info|/metrics.*|/mappings|/swagger.*|.*.png|.*.css|.*.js|.*.html|/favicon.ico|/hystrix.stream|/prometheus|/manage/*" 
2026-05-21 17:19:15.276+0530  INFO --- [      main] o.c.s.w.s.ServerTracingAutoConfiguration --  : Creating WebMvcConfigurerAdapter bean with class io.opentracing.contrib.spring.web.interceptor.TracingHandlerInterceptor 
2026-05-21 17:19:15.676+0530  INFO --- [      main] o.s.s.c.ThreadPoolTaskExecutor           --  : Initializing ExecutorService 'applicationTaskExecutor' 
2026-05-21 17:19:18.351+0530  INFO --- [      main] o.s.b.a.e.w.EndpointLinksResolver        --  : Exposing 2 endpoint(s) beneath base path '' 
2026-05-21 17:19:18.892+0530  INFO --- [      main] o.s.b.w.e.t.TomcatWebServer              --  : Tomcat started on port(s): 8204 (http) with context path '/apportion-service' 
2026-05-21 17:19:19.003+0530  INFO --- [      main] org.egov.ApportionApp                    --  : Started ApportionApp in 18.169 seconds (JVM running for 19.827) 
