
  .   ____          _            __ _ _
 /\\ / ___'_ __ _ _(_)_ __  __ _ \ \ \ \
( ( )\___ | '_ | '_| | '_ \/ _` | \ \ \ \
 \\/  ___)| |_)| | | | | || (_| |  ) ) ) )
  '  |____| .__|_| |_|_| |_\__, | / / / /
 =========|_|==============|___/=/_/_/_/
 :: Spring Boot ::        (v2.2.6.RELEASE)

2026-05-21 17:19:02.476+0530  INFO --- [      main] o.e.p.c.PropertyCalculatorApplication    --  : Starting PropertyCalculatorApplication v1.1.5_beta-SNAPSHOT on LAPTOP-Q2EQEE4F with PID 29116 (C:\Users\Aditya\Downloads\DIGIT-OSS-master\municipal-services-go\pt-calculator-v2\target\pt-calculator-v2-1.1.5_beta-SNAPSHOT.jar started by Aditya in C:\Users\Aditya\Downloads\DIGIT-OSS-master\municipal-services-go\local-deploy) 
2026-05-21 17:19:02.485+0530 DEBUG --- [      main] o.e.p.c.PropertyCalculatorApplication    --  : Running with Spring Boot v2.2.6.RELEASE, Spring v5.2.5.RELEASE 
2026-05-21 17:19:02.487+0530  INFO --- [      main] o.e.p.c.PropertyCalculatorApplication    --  : No active profile set, falling back to default profiles: default 
2026-05-21 17:19:10.988+0530  INFO --- [      main] o.s.b.w.e.t.TomcatWebServer              --  : Tomcat initialized with port(s): 8281 (http) 
2026-05-21 17:19:11.019+0530  INFO --- [      main] o.a.c.core.StandardService               --  : Starting service [Tomcat] 
2026-05-21 17:19:11.019+0530  INFO --- [      main] o.a.c.core.StandardEngine                --  : Starting Servlet engine: [Apache Tomcat/9.0.33] 
2026-05-21 17:19:11.197+0530  INFO --- [      main] o.a.c.c.C.[.[.[/pt-calculator-v2]        --  : Initializing Spring embedded WebApplicationContext 
2026-05-21 17:19:11.197+0530  INFO --- [      main] o.s.web.context.ContextLoader            --  : Root WebApplicationContext: initialization completed in 7997 ms 
2026-05-21 17:19:11.449+0530  INFO --- [      main] o.c.s.w.s.ServerTracingAutoConfiguration --  : Creating FilterRegistrationBean bean with TracingFilter mapped to [/*], skip pattern is "/api-docs.*|/autoconfig|/configprops|/dump|/health|/info|/metrics.*|/mappings|/swagger.*|.*.png|.*.css|.*.js|.*.html|/favicon.ico|/hystrix.stream|/prometheus|/manage/*" 
2026-05-21 17:19:16.447+0530  INFO --- [      main] o.c.s.w.s.ServerTracingAutoConfiguration --  : Creating WebMvcConfigurerAdapter bean with class io.opentracing.contrib.spring.web.interceptor.TracingHandlerInterceptor 
2026-05-21 17:19:17.036+0530  INFO --- [      main] o.s.s.c.ThreadPoolTaskExecutor           --  : Initializing ExecutorService 'applicationTaskExecutor' 
2026-05-21 17:19:19.202+0530  INFO --- [      main] o.s.b.a.e.w.EndpointLinksResolver        --  : Exposing 2 endpoint(s) beneath base path '' 
2026-05-21 17:19:19.428+0530  INFO --- [      main] o.s.b.w.e.t.TomcatWebServer              --  : Tomcat started on port(s): 8281 (http) with context path '/pt-calculator-v2' 
2026-05-21 17:19:19.819+0530  INFO --- [      main] o.e.p.c.PropertyCalculatorApplication    --  : Started PropertyCalculatorApplication in 19.045 seconds (JVM running for 20.719) 
